2017-07-29 18:08:19,001 | INFO  | Refreshing org.apache.activemq.xbean.XBeanBrokerFactory$1@8e17718: startup date [Sat Jul 29 18:08:18 CST 2017]; root of context hierarchy | org.apache.activemq.xbean.XBeanBrokerFactory$1 | WrapperSimpleAppMain
2017-07-29 18:08:29,823 | INFO  | Using Persistence Adapter: KahaDBPersistenceAdapter[/Users/huangchaobo/Downloads/apache-activemq-5.15.0/bin/macosx/../../data/kahadb] | org.apache.activemq.broker.BrokerService | WrapperSimpleAppMain
2017-07-29 18:08:30,057 | INFO  | PListStore:[/Users/huangchaobo/Downloads/apache-activemq-5.15.0/bin/macosx/../../data/localhost/tmp_storage] started | org.apache.activemq.store.kahadb.plist.PListStoreImpl | WrapperSimpleAppMain
2017-07-29 18:08:35,201 | INFO  | Apache ActiveMQ 5.15.0 (localhost, ID:huangchaobodeMacBook-Pro.local-51142-1501322915072-0:1) is starting | org.apache.activemq.broker.BrokerService | WrapperSimpleAppMain
2017-07-29 18:08:40,223 | INFO  | Listening for connections at: tcp://huangchaobodeMacBook-Pro.local:61616?maximumConnections=1000&wireFormat.maxFrameSize=104857600 | org.apache.activemq.transport.TransportServerThreadSupport | WrapperSimpleAppMain
2017-07-29 18:08:40,225 | INFO  | Connector openwire started | org.apache.activemq.broker.TransportConnector | WrapperSimpleAppMain
2017-07-29 18:08:45,234 | INFO  | Listening for connections at: amqp://huangchaobodeMacBook-Pro.local:5672?maximumConnections=1000&wireFormat.maxFrameSize=104857600 | org.apache.activemq.transport.TransportServerThreadSupport | WrapperSimpleAppMain
2017-07-29 18:08:45,236 | INFO  | Connector amqp started | org.apache.activemq.broker.TransportConnector | WrapperSimpleAppMain
2017-07-29 18:08:50,244 | INFO  | Listening for connections at: stomp://huangchaobodeMacBook-Pro.local:61613?maximumConnections=1000&wireFormat.maxFrameSize=104857600 | org.apache.activemq.transport.TransportServerThreadSupport | WrapperSimpleAppMain
2017-07-29 18:08:50,260 | INFO  | Connector stomp started | org.apache.activemq.broker.TransportConnector | WrapperSimpleAppMain
2017-07-29 18:08:55,269 | INFO  | Listening for connections at: mqtt://huangchaobodeMacBook-Pro.local:1883?maximumConnections=1000&wireFormat.maxFrameSize=104857600 | org.apache.activemq.transport.TransportServerThreadSupport | WrapperSimpleAppMain
2017-07-29 18:08:55,270 | INFO  | Connector mqtt started | org.apache.activemq.broker.TransportConnector | WrapperSimpleAppMain
2017-07-29 18:09:00,425 | WARN  | ServletContext@o.e.j.s.ServletContextHandler@2ba3916c{/,null,STARTING} has uncovered http methods for path: / | org.eclipse.jetty.security.SecurityHandler | WrapperSimpleAppMain
2017-07-29 18:09:00,482 | INFO  | Listening for connections at ws://huangchaobodeMacBook-Pro.local:61614?maximumConnections=1000&wireFormat.maxFrameSize=104857600 | org.apache.activemq.transport.ws.WSTransportServer | WrapperSimpleAppMain
2017-07-29 18:09:00,484 | INFO  | Connector ws started | org.apache.activemq.broker.TransportConnector | WrapperSimpleAppMain
2017-07-29 18:09:00,485 | INFO  | Apache ActiveMQ 5.15.0 (localhost, ID:huangchaobodeMacBook-Pro.local-51142-1501322915072-0:1) started | org.apache.activemq.broker.BrokerService | WrapperSimpleAppMain
2017-07-29 18:09:00,486 | INFO  | For help or more information please see: http://activemq.apache.org | org.apache.activemq.broker.BrokerService | WrapperSimpleAppMain
2017-07-29 18:09:01,060 | INFO  | No Spring WebApplicationInitializer types detected on classpath | /admin | WrapperSimpleAppMain
2017-07-29 18:09:01,245 | INFO  | ActiveMQ WebConsole available at http://0.0.0.0:8161/ | org.apache.activemq.web.WebConsoleStarter | WrapperSimpleAppMain
2017-07-29 18:09:01,246 | INFO  | ActiveMQ Jolokia REST API available at http://0.0.0.0:8161/api/jolokia/ | org.apache.activemq.web.WebConsoleStarter | WrapperSimpleAppMain
2017-07-29 18:09:01,306 | INFO  | Initializing Spring FrameworkServlet 'dispatcher' | /admin | WrapperSimpleAppMain
2017-07-29 18:09:01,476 | INFO  | No Spring WebApplicationInitializer types detected on classpath | /api | WrapperSimpleAppMain
2017-07-29 18:09:11,557 | INFO  | jolokia-agent: Using policy access restrictor classpath:/jolokia-access.xml | /api | WrapperSimpleAppMain
2017-07-29 18:33:54,455 | WARN  | Illegal character 0x16 in state=START for buffer HeapByteBuffer@9a33f70[p=1,l=148,c=16384,r=147]={\x16<<<\x03\x01\x00\x8f\x01\x00\x00\x8b\x03\x03*c\xEf\xDe6$\xA9...\x02\x01\x00\x00\n\x00\x08\x00\x06\x00\x1d\x00\x17\x00\x18>>>\x00\x00\x00\x00\x00\x00\x00\x00\x00\x00\x00\x00\x00\x00\x00\x00\x00...\x00\x00\x00\x00\x00\x00\x00\x00\x00\x00\x00\x00\x00\x00\x00} | org.eclipse.jetty.http.HttpParser | qtp612626064-39
2017-07-29 18:33:54,464 | WARN  | badMessage: 400 Illegal character 0x16 for HttpChannelOverHttp@7b387948{r=0,c=false,a=IDLE,uri=} | org.eclipse.jetty.http.HttpParser | qtp612626064-39
2017-07-29 18:33:54,480 | WARN  | Illegal character 0x16 in state=START for buffer HeapByteBuffer@9a33f70[p=1,l=114,c=16384,r=113]={\x16<<<\x03\x01\x00m\x01\x00\x00i\x03\x02\x90u\x12\xAf\x93\xD5\xE7...\x02\x01\x00\x00\n\x00\x08\x00\x06\x00\x1d\x00\x17\x00\x18>>>\x05\x00\x05\x01\x00\x00\x00\x00\x00\x12\x00\x00uP\x00\x00\x00...\x00\x00\x00\x00\x00\x00\x00\x00\x00\x00\x00\x00\x00\x00\x00} | org.eclipse.jetty.http.HttpParser | qtp612626064-38
2017-07-29 18:33:54,484 | WARN  | badMessage: 400 Illegal character 0x16 for HttpChannelOverHttp@39708562{r=0,c=false,a=IDLE,uri=} | org.eclipse.jetty.http.HttpParser | qtp612626064-38
2017-07-29 18:34:44,185 | WARN  | Transport Connection to: ws://127.0.0.1:51811 failed: java.io.IOException: Topic name given had invliad length. | org.apache.activemq.broker.TransportConnection.Transport | qtp612626064-39
2017-07-29 18:34:49,332 | WARN  | Transport Connection to: ws://127.0.0.1:51812 failed: java.io.IOException: Topic name given had invliad length. | org.apache.activemq.broker.TransportConnection.Transport | qtp612626064-40
2017-07-29 18:35:18,211 | WARN  | Transport Connection to: ws://127.0.0.1:51823 failed: java.io.IOException: Topic name given had invliad length. | org.apache.activemq.broker.TransportConnection.Transport | qtp612626064-38
2017-07-29 18:35:41,346 | WARN  | Transport Connection to: ws://127.0.0.1:51841 failed: java.io.IOException: Topic name given had invliad length. | org.apache.activemq.broker.TransportConnection.Transport | qtp612626064-39
2017-07-29 18:35:43,245 | WARN  | Transport Connection to: ws://127.0.0.1:51842 failed: java.io.IOException: Topic name given had invliad length. | org.apache.activemq.broker.TransportConnection.Transport | qtp612626064-40
2017-07-29 18:36:05,008 | WARN  | Transport Connection to: ws://0:0:0:0:0:0:0:1:51852 failed: java.io.IOException: Topic name given had invliad length. | org.apache.activemq.broker.TransportConnection.Transport | qtp612626064-38
2017-07-29 18:36:06,778 | WARN  | Transport Connection to: ws://0:0:0:0:0:0:0:1:51853 failed: java.io.IOException: Topic name given had invliad length. | org.apache.activemq.broker.TransportConnection.Transport | qtp612626064-39
2017-07-29 18:43:26,787 | WARN  | Transport Connection to: ws://0:0:0:0:0:0:0:1:52294 failed: java.io.IOException: Topic name given had invliad length. | org.apache.activemq.broker.TransportConnection.Transport | qtp612626064-40
2017-07-29 18:44:06,751 | INFO  | Connector vm://localhost started | org.apache.activemq.broker.TransportConnector | qtp1446797303-56
2017-07-29 19:11:30,148 | WARN  | Transport Connection to: ws://0:0:0:0:0:0:0:1:52697 failed: org.apache.activemq.transport.InactivityIOException: Channel was inactive for too (>30000) long: ws://0:0:0:0:0:0:0:1:52697 | org.apache.activemq.broker.TransportConnection.Transport | MQTTInactivityMonitor Async Task: java.util.concurrent.ThreadPoolExecutor$Worker@67728b47[State = -1, empty queue]
2017-07-29 19:22:25,724 | INFO  | Connector vm://localhost stopped | org.apache.activemq.broker.TransportConnector | org.eclipse.jetty.server.session.HashSessionManager@2dcaa394Timer
2017-07-29 20:01:02,103 | INFO  | Connector vm://localhost started | org.apache.activemq.broker.TransportConnector | qtp1446797303-191
2017-07-29 20:23:08,975 | WARN  | Transport Connection to: ws://0:0:0:0:0:0:0:1:54327 failed: org.apache.activemq.transport.InactivityIOException: Channel was inactive for too (>30000) long: ws://0:0:0:0:0:0:0:1:54327 | org.apache.activemq.broker.TransportConnection.Transport | MQTTInactivityMonitor Async Task: java.util.concurrent.ThreadPoolExecutor$Worker@679833cd[State = -1, empty queue]
2017-07-29 20:28:01,253 | WARN  | Transport Connection to: ws://0:0:0:0:0:0:0:1:54446 failed: org.apache.activemq.transport.InactivityIOException: Channel was inactive for too (>30000) long: ws://0:0:0:0:0:0:0:1:54446 | org.apache.activemq.broker.TransportConnection.Transport | MQTTInactivityMonitor Async Task: java.util.concurrent.ThreadPoolExecutor$Worker@43c49514[State = -1, empty queue]
2017-07-29 20:33:57,155 | INFO  | Connector vm://localhost stopped | org.apache.activemq.broker.TransportConnector | org.eclipse.jetty.server.session.HashSessionManager@2dcaa394Timer
2017-07-29 20:53:28,147 | INFO  | Connector vm://localhost started | org.apache.activemq.broker.TransportConnector | qtp1446797303-189
2017-07-29 20:59:03,152 | WARN  | Transport Connection to: ws://192.168.0.101:54983 failed: org.apache.activemq.transport.InactivityIOException: Channel was inactive for too (>30000) long: ws://192.168.0.101:54983 | org.apache.activemq.broker.TransportConnection.Transport | MQTTInactivityMonitor Async Task: java.util.concurrent.ThreadPoolExecutor$Worker@60631977[State = -1, empty queue]
2017-07-29 21:00:34,949 | WARN  | Transport Connection to: ws://192.168.0.105:61211 failed: org.apache.activemq.transport.InactivityIOException: Channel was inactive for too (>30000) long: ws://192.168.0.105:61211 | org.apache.activemq.broker.TransportConnection.Transport | MQTTInactivityMonitor Async Task: java.util.concurrent.ThreadPoolExecutor$Worker@6ea4eb0b[State = -1, empty queue]
2017-07-29 21:00:58,184 | WARN  | Failed to send frame MQTTFrame { type: PINGRESP, qos: AT_MOST_ONCE, dup:false } | org.apache.activemq.transport.mqtt.MQTTProtocolConverter | qtp612626064-38
java.io.IOException: RemoteEndpoint unavailable, outgoing connection not open
	at org.apache.activemq.util.IOExceptionSupport.create(IOExceptionSupport.java:46)[activemq-client-5.15.0.jar:5.15.0]
	at org.apache.activemq.transport.ws.jetty9.MQTTSocket.sendToMQTT(MQTTSocket.java:61)[activemq-http-5.15.0.jar:5.15.0]
	at org.apache.activemq.transport.mqtt.MQTTProtocolConverter.sendToMQTT(MQTTProtocolConverter.java:186)[activemq-mqtt-5.15.0.jar:5.15.0]
	at org.apache.activemq.transport.mqtt.MQTTProtocolConverter.onMQTTCommand(MQTTProtocolConverter.java:200)[activemq-mqtt-5.15.0.jar:5.15.0]
	at org.apache.activemq.transport.ws.jetty9.MQTTSocket.onFrame(MQTTSocket.java:142)[activemq-http-5.15.0.jar:5.15.0]
	at org.apache.activemq.transport.mqtt.MQTTCodec.processCommand(MQTTCodec.java:90)[activemq-mqtt-5.15.0.jar:5.15.0]
	at org.apache.activemq.transport.mqtt.MQTTCodec.access$400(MQTTCodec.java:26)[activemq-mqtt-5.15.0.jar:5.15.0]
	at org.apache.activemq.transport.mqtt.MQTTCodec$3.parse(MQTTCodec.java:166)[activemq-mqtt-5.15.0.jar:5.15.0]
	at org.apache.activemq.transport.mqtt.MQTTCodec$2.parse(MQTTCodec.java:138)[activemq-mqtt-5.15.0.jar:5.15.0]
	at org.apache.activemq.transport.mqtt.MQTTCodec.parse(MQTTCodec.java:76)[activemq-mqtt-5.15.0.jar:5.15.0]
	at org.apache.activemq.transport.ws.jetty9.MQTTSocket.onWebSocketBinary(MQTTSocket.java:88)[activemq-http-5.15.0.jar:5.15.0]
	at org.eclipse.jetty.websocket.common.events.JettyListenerEventDriver.onBinaryMessage(JettyListenerEventDriver.java:64)[jetty-all-9.2.22.v20170606.jar:9.2.22.v20170606]
	at org.eclipse.jetty.websocket.common.message.SimpleBinaryMessage.messageComplete(SimpleBinaryMessage.java:68)[jetty-all-9.2.22.v20170606.jar:9.2.22.v20170606]
	at org.eclipse.jetty.websocket.common.events.AbstractEventDriver.appendMessage(AbstractEventDriver.java:65)[jetty-all-9.2.22.v20170606.jar:9.2.22.v20170606]
	at org.eclipse.jetty.websocket.common.events.JettyListenerEventDriver.onBinaryFrame(JettyListenerEventDriver.java:58)[jetty-all-9.2.22.v20170606.jar:9.2.22.v20170606]
	at org.eclipse.jetty.websocket.common.events.AbstractEventDriver.incomingFrame(AbstractEventDriver.java:156)[jetty-all-9.2.22.v20170606.jar:9.2.22.v20170606]
	at org.eclipse.jetty.websocket.common.WebSocketSession.incomingFrame(WebSocketSession.java:309)[jetty-all-9.2.22.v20170606.jar:9.2.22.v20170606]
	at org.eclipse.jetty.websocket.common.extensions.ExtensionStack.incomingFrame(ExtensionStack.java:214)[jetty-all-9.2.22.v20170606.jar:9.2.22.v20170606]
	at org.eclipse.jetty.websocket.common.Parser.notifyFrame(Parser.java:220)[jetty-all-9.2.22.v20170606.jar:9.2.22.v20170606]
	at org.eclipse.jetty.websocket.common.Parser.parse(Parser.java:258)[jetty-all-9.2.22.v20170606.jar:9.2.22.v20170606]
	at org.eclipse.jetty.websocket.common.io.AbstractWebSocketConnection.readParse(AbstractWebSocketConnection.java:632)[jetty-all-9.2.22.v20170606.jar:9.2.22.v20170606]
	at org.eclipse.jetty.websocket.common.io.AbstractWebSocketConnection.onFillable(AbstractWebSocketConnection.java:480)[jetty-all-9.2.22.v20170606.jar:9.2.22.v20170606]
	at org.eclipse.jetty.io.AbstractConnection$2.run(AbstractConnection.java:544)[jetty-all-9.2.22.v20170606.jar:9.2.22.v20170606]
	at org.eclipse.jetty.util.thread.QueuedThreadPool.runJob(QueuedThreadPool.java:635)[jetty-all-9.2.22.v20170606.jar:9.2.22.v20170606]
	at org.eclipse.jetty.util.thread.QueuedThreadPool$3.run(QueuedThreadPool.java:555)[jetty-all-9.2.22.v20170606.jar:9.2.22.v20170606]
	at java.lang.Thread.run(Thread.java:745)[:1.8.0_111]
2017-07-29 21:00:58,185 | WARN  | Failed to send frame MQTTFrame { type: PINGRESP, qos: AT_MOST_ONCE, dup:false } | org.apache.activemq.transport.mqtt.MQTTProtocolConverter | qtp612626064-38
java.io.IOException: RemoteEndpoint unavailable, outgoing connection not open
	at org.apache.activemq.util.IOExceptionSupport.create(IOExceptionSupport.java:46)[activemq-client-5.15.0.jar:5.15.0]
	at org.apache.activemq.transport.ws.jetty9.MQTTSocket.sendToMQTT(MQTTSocket.java:61)[activemq-http-5.15.0.jar:5.15.0]
	at org.apache.activemq.transport.mqtt.MQTTProtocolConverter.sendToMQTT(MQTTProtocolConverter.java:186)[activemq-mqtt-5.15.0.jar:5.15.0]
	at org.apache.activemq.transport.mqtt.MQTTProtocolConverter.onMQTTCommand(MQTTProtocolConverter.java:200)[activemq-mqtt-5.15.0.jar:5.15.0]
	at org.apache.activemq.transport.ws.jetty9.MQTTSocket.onFrame(MQTTSocket.java:142)[activemq-http-5.15.0.jar:5.15.0]
	at org.apache.activemq.transport.mqtt.MQTTCodec.processCommand(MQTTCodec.java:90)[activemq-mqtt-5.15.0.jar:5.15.0]
	at org.apache.activemq.transport.mqtt.MQTTCodec.access$400(MQTTCodec.java:26)[activemq-mqtt-5.15.0.jar:5.15.0]
	at org.apache.activemq.transport.mqtt.MQTTCodec$3.parse(MQTTCodec.java:166)[activemq-mqtt-5.15.0.jar:5.15.0]
	at org.apache.activemq.transport.mqtt.MQTTCodec$2.parse(MQTTCodec.java:138)[activemq-mqtt-5.15.0.jar:5.15.0]
	at org.apache.activemq.transport.mqtt.MQTTCodec.parse(MQTTCodec.java:76)[activemq-mqtt-5.15.0.jar:5.15.0]
	at org.apache.activemq.transport.ws.jetty9.MQTTSocket.onWebSocketBinary(MQTTSocket.java:88)[activemq-http-5.15.0.jar:5.15.0]
	at org.eclipse.jetty.websocket.common.events.JettyListenerEventDriver.onBinaryMessage(JettyListenerEventDriver.java:64)[jetty-all-9.2.22.v20170606.jar:9.2.22.v20170606]
	at org.eclipse.jetty.websocket.common.message.SimpleBinaryMessage.messageComplete(SimpleBinaryMessage.java:68)[jetty-all-9.2.22.v20170606.jar:9.2.22.v20170606]
	at org.eclipse.jetty.websocket.common.events.AbstractEventDriver.appendMessage(AbstractEventDriver.java:65)[jetty-all-9.2.22.v20170606.jar:9.2.22.v20170606]
	at org.eclipse.jetty.websocket.common.events.JettyListenerEventDriver.onBinaryFrame(JettyListenerEventDriver.java:58)[jetty-all-9.2.22.v20170606.jar:9.2.22.v20170606]
	at org.eclipse.jetty.websocket.common.events.AbstractEventDriver.incomingFrame(AbstractEventDriver.java:156)[jetty-all-9.2.22.v20170606.jar:9.2.22.v20170606]
	at org.eclipse.jetty.websocket.common.WebSocketSession.incomingFrame(WebSocketSession.java:309)[jetty-all-9.2.22.v20170606.jar:9.2.22.v20170606]
	at org.eclipse.jetty.websocket.common.extensions.ExtensionStack.incomingFrame(ExtensionStack.java:214)[jetty-all-9.2.22.v20170606.jar:9.2.22.v20170606]
	at org.eclipse.jetty.websocket.common.Parser.notifyFrame(Parser.java:220)[jetty-all-9.2.22.v20170606.jar:9.2.22.v20170606]
	at org.eclipse.jetty.websocket.common.Parser.parse(Parser.java:258)[jetty-all-9.2.22.v20170606.jar:9.2.22.v20170606]
	at org.eclipse.jetty.websocket.common.io.AbstractWebSocketConnection.readParse(AbstractWebSocketConnection.java:632)[jetty-all-9.2.22.v20170606.jar:9.2.22.v20170606]
	at org.eclipse.jetty.websocket.common.io.AbstractWebSocketConnection.onFillable(AbstractWebSocketConnection.java:480)[jetty-all-9.2.22.v20170606.jar:9.2.22.v20170606]
	at org.eclipse.jetty.io.AbstractConnection$2.run(AbstractConnection.java:544)[jetty-all-9.2.22.v20170606.jar:9.2.22.v20170606]
	at org.eclipse.jetty.util.thread.QueuedThreadPool.runJob(QueuedThreadPool.java:635)[jetty-all-9.2.22.v20170606.jar:9.2.22.v20170606]
	at org.eclipse.jetty.util.thread.QueuedThreadPool$3.run(QueuedThreadPool.java:555)[jetty-all-9.2.22.v20170606.jar:9.2.22.v20170606]
	at java.lang.Thread.run(Thread.java:745)[:1.8.0_111]
2017-07-29 21:06:53,770 | WARN  | Transport Connection to: ws://192.168.0.105:61255 failed: org.apache.activemq.transport.InactivityIOException: Channel was inactive for too (>30000) long: ws://192.168.0.105:61255 | org.apache.activemq.broker.TransportConnection.Transport | MQTTInactivityMonitor Async Task: java.util.concurrent.ThreadPoolExecutor$Worker@211d9035[State = -1, empty queue]
2017-07-29 21:06:53,783 | WARN  | Failed to send frame MQTTFrame { type: PINGRESP, qos: AT_MOST_ONCE, dup:false } | org.apache.activemq.transport.mqtt.MQTTProtocolConverter | qtp612626064-39
java.io.IOException: RemoteEndpoint unavailable, outgoing connection not open
	at org.apache.activemq.util.IOExceptionSupport.create(IOExceptionSupport.java:46)[activemq-client-5.15.0.jar:5.15.0]
	at org.apache.activemq.transport.ws.jetty9.MQTTSocket.sendToMQTT(MQTTSocket.java:61)[activemq-http-5.15.0.jar:5.15.0]
	at org.apache.activemq.transport.mqtt.MQTTProtocolConverter.sendToMQTT(MQTTProtocolConverter.java:186)[activemq-mqtt-5.15.0.jar:5.15.0]
	at org.apache.activemq.transport.mqtt.MQTTProtocolConverter.onMQTTCommand(MQTTProtocolConverter.java:200)[activemq-mqtt-5.15.0.jar:5.15.0]
	at org.apache.activemq.transport.ws.jetty9.MQTTSocket.onFrame(MQTTSocket.java:142)[activemq-http-5.15.0.jar:5.15.0]
	at org.apache.activemq.transport.mqtt.MQTTCodec.processCommand(MQTTCodec.java:90)[activemq-mqtt-5.15.0.jar:5.15.0]
	at org.apache.activemq.transport.mqtt.MQTTCodec.access$400(MQTTCodec.java:26)[activemq-mqtt-5.15.0.jar:5.15.0]
	at org.apache.activemq.transport.mqtt.MQTTCodec$3.parse(MQTTCodec.java:166)[activemq-mqtt-5.15.0.jar:5.15.0]
	at org.apache.activemq.transport.mqtt.MQTTCodec$2.parse(MQTTCodec.java:138)[activemq-mqtt-5.15.0.jar:5.15.0]
	at org.apache.activemq.transport.mqtt.MQTTCodec.parse(MQTTCodec.java:76)[activemq-mqtt-5.15.0.jar:5.15.0]
	at org.apache.activemq.transport.ws.jetty9.MQTTSocket.onWebSocketBinary(MQTTSocket.java:88)[activemq-http-5.15.0.jar:5.15.0]
	at org.eclipse.jetty.websocket.common.events.JettyListenerEventDriver.onBinaryMessage(JettyListenerEventDriver.java:64)[jetty-all-9.2.22.v20170606.jar:9.2.22.v20170606]
	at org.eclipse.jetty.websocket.common.message.SimpleBinaryMessage.messageComplete(SimpleBinaryMessage.java:68)[jetty-all-9.2.22.v20170606.jar:9.2.22.v20170606]
	at org.eclipse.jetty.websocket.common.events.AbstractEventDriver.appendMessage(AbstractEventDriver.java:65)[jetty-all-9.2.22.v20170606.jar:9.2.22.v20170606]
	at org.eclipse.jetty.websocket.common.events.JettyListenerEventDriver.onBinaryFrame(JettyListenerEventDriver.java:58)[jetty-all-9.2.22.v20170606.jar:9.2.22.v20170606]
	at org.eclipse.jetty.websocket.common.events.AbstractEventDriver.incomingFrame(AbstractEventDriver.java:156)[jetty-all-9.2.22.v20170606.jar:9.2.22.v20170606]
	at org.eclipse.jetty.websocket.common.WebSocketSession.incomingFrame(WebSocketSession.java:309)[jetty-all-9.2.22.v20170606.jar:9.2.22.v20170606]
	at org.eclipse.jetty.websocket.common.extensions.ExtensionStack.incomingFrame(ExtensionStack.java:214)[jetty-all-9.2.22.v20170606.jar:9.2.22.v20170606]
	at org.eclipse.jetty.websocket.common.Parser.notifyFrame(Parser.java:220)[jetty-all-9.2.22.v20170606.jar:9.2.22.v20170606]
	at org.eclipse.jetty.websocket.common.Parser.parse(Parser.java:258)[jetty-all-9.2.22.v20170606.jar:9.2.22.v20170606]
	at org.eclipse.jetty.websocket.common.io.AbstractWebSocketConnection.readParse(AbstractWebSocketConnection.java:632)[jetty-all-9.2.22.v20170606.jar:9.2.22.v20170606]
	at org.eclipse.jetty.websocket.common.io.AbstractWebSocketConnection.onFillable(AbstractWebSocketConnection.java:480)[jetty-all-9.2.22.v20170606.jar:9.2.22.v20170606]
	at org.eclipse.jetty.io.AbstractConnection$2.run(AbstractConnection.java:544)[jetty-all-9.2.22.v20170606.jar:9.2.22.v20170606]
	at org.eclipse.jetty.util.thread.QueuedThreadPool.runJob(QueuedThreadPool.java:635)[jetty-all-9.2.22.v20170606.jar:9.2.22.v20170606]
	at org.eclipse.jetty.util.thread.QueuedThreadPool$3.run(QueuedThreadPool.java:555)[jetty-all-9.2.22.v20170606.jar:9.2.22.v20170606]
	at java.lang.Thread.run(Thread.java:745)[:1.8.0_111]
2017-07-29 21:06:53,784 | WARN  | Failed to send frame MQTTFrame { type: PINGRESP, qos: AT_MOST_ONCE, dup:false } | org.apache.activemq.transport.mqtt.MQTTProtocolConverter | qtp612626064-39
java.io.IOException: RemoteEndpoint unavailable, outgoing connection not open
	at org.apache.activemq.util.IOExceptionSupport.create(IOExceptionSupport.java:46)[activemq-client-5.15.0.jar:5.15.0]
	at org.apache.activemq.transport.ws.jetty9.MQTTSocket.sendToMQTT(MQTTSocket.java:61)[activemq-http-5.15.0.jar:5.15.0]
	at org.apache.activemq.transport.mqtt.MQTTProtocolConverter.sendToMQTT(MQTTProtocolConverter.java:186)[activemq-mqtt-5.15.0.jar:5.15.0]
	at org.apache.activemq.transport.mqtt.MQTTProtocolConverter.onMQTTCommand(MQTTProtocolConverter.java:200)[activemq-mqtt-5.15.0.jar:5.15.0]
	at org.apache.activemq.transport.ws.jetty9.MQTTSocket.onFrame(MQTTSocket.java:142)[activemq-http-5.15.0.jar:5.15.0]
	at org.apache.activemq.transport.mqtt.MQTTCodec.processCommand(MQTTCodec.java:90)[activemq-mqtt-5.15.0.jar:5.15.0]
	at org.apache.activemq.transport.mqtt.MQTTCodec.access$400(MQTTCodec.java:26)[activemq-mqtt-5.15.0.jar:5.15.0]
	at org.apache.activemq.transport.mqtt.MQTTCodec$3.parse(MQTTCodec.java:166)[activemq-mqtt-5.15.0.jar:5.15.0]
	at org.apache.activemq.transport.mqtt.MQTTCodec$2.parse(MQTTCodec.java:138)[activemq-mqtt-5.15.0.jar:5.15.0]
	at org.apache.activemq.transport.mqtt.MQTTCodec.parse(MQTTCodec.java:76)[activemq-mqtt-5.15.0.jar:5.15.0]
	at org.apache.activemq.transport.ws.jetty9.MQTTSocket.onWebSocketBinary(MQTTSocket.java:88)[activemq-http-5.15.0.jar:5.15.0]
	at org.eclipse.jetty.websocket.common.events.JettyListenerEventDriver.onBinaryMessage(JettyListenerEventDriver.java:64)[jetty-all-9.2.22.v20170606.jar:9.2.22.v20170606]
	at org.eclipse.jetty.websocket.common.message.SimpleBinaryMessage.messageComplete(SimpleBinaryMessage.java:68)[jetty-all-9.2.22.v20170606.jar:9.2.22.v20170606]
	at org.eclipse.jetty.websocket.common.events.AbstractEventDriver.appendMessage(AbstractEventDriver.java:65)[jetty-all-9.2.22.v20170606.jar:9.2.22.v20170606]
	at org.eclipse.jetty.websocket.common.events.JettyListenerEventDriver.onBinaryFrame(JettyListenerEventDriver.java:58)[jetty-all-9.2.22.v20170606.jar:9.2.22.v20170606]
	at org.eclipse.jetty.websocket.common.events.AbstractEventDriver.incomingFrame(AbstractEventDriver.java:156)[jetty-all-9.2.22.v20170606.jar:9.2.22.v20170606]
	at org.eclipse.jetty.websocket.common.WebSocketSession.incomingFrame(WebSocketSession.java:309)[jetty-all-9.2.22.v20170606.jar:9.2.22.v20170606]
	at org.eclipse.jetty.websocket.common.extensions.ExtensionStack.incomingFrame(ExtensionStack.java:214)[jetty-all-9.2.22.v20170606.jar:9.2.22.v20170606]
	at org.eclipse.jetty.websocket.common.Parser.notifyFrame(Parser.java:220)[jetty-all-9.2.22.v20170606.jar:9.2.22.v20170606]
	at org.eclipse.jetty.websocket.common.Parser.parse(Parser.java:258)[jetty-all-9.2.22.v20170606.jar:9.2.22.v20170606]
	at org.eclipse.jetty.websocket.common.io.AbstractWebSocketConnection.readParse(AbstractWebSocketConnection.java:632)[jetty-all-9.2.22.v20170606.jar:9.2.22.v20170606]
	at org.eclipse.jetty.websocket.common.io.AbstractWebSocketConnection.onFillable(AbstractWebSocketConnection.java:480)[jetty-all-9.2.22.v20170606.jar:9.2.22.v20170606]
	at org.eclipse.jetty.io.AbstractConnection$2.run(AbstractConnection.java:544)[jetty-all-9.2.22.v20170606.jar:9.2.22.v20170606]
	at org.eclipse.jetty.util.thread.QueuedThreadPool.runJob(QueuedThreadPool.java:635)[jetty-all-9.2.22.v20170606.jar:9.2.22.v20170606]
	at org.eclipse.jetty.util.thread.QueuedThreadPool$3.run(QueuedThreadPool.java:555)[jetty-all-9.2.22.v20170606.jar:9.2.22.v20170606]
	at java.lang.Thread.run(Thread.java:745)[:1.8.0_111]
2017-07-29 21:12:08,278 | WARN  | Failed to add Connection id=ID:huangchaobodeMacBook-Pro.local-51142-1501322915072-3:64, clientId=test2 due to {} | org.apache.activemq.broker.TransportConnection | qtp612626064-40
javax.jms.InvalidClientIDException: Broker: localhost - Client: test2 already connected from ws://192.168.0.101:55375
	at org.apache.activemq.broker.region.RegionBroker.addConnection(RegionBroker.java:247)[activemq-broker-5.15.0.jar:5.15.0]
	at org.apache.activemq.broker.jmx.ManagedRegionBroker.addConnection(ManagedRegionBroker.java:227)[activemq-broker-5.15.0.jar:5.15.0]
	at org.apache.activemq.broker.BrokerFilter.addConnection(BrokerFilter.java:99)[activemq-broker-5.15.0.jar:5.15.0]
	at org.apache.activemq.advisory.AdvisoryBroker.addConnection(AdvisoryBroker.java:116)[activemq-broker-5.15.0.jar:5.15.0]
	at org.apache.activemq.broker.BrokerFilter.addConnection(BrokerFilter.java:99)[activemq-broker-5.15.0.jar:5.15.0]
	at org.apache.activemq.broker.BrokerFilter.addConnection(BrokerFilter.java:99)[activemq-broker-5.15.0.jar:5.15.0]
	at org.apache.activemq.broker.BrokerFilter.addConnection(BrokerFilter.java:99)[activemq-broker-5.15.0.jar:5.15.0]
	at org.apache.activemq.broker.TransportConnection.processAddConnection(TransportConnection.java:843)[activemq-broker-5.15.0.jar:5.15.0]
	at org.apache.activemq.broker.jmx.ManagedTransportConnection.processAddConnection(ManagedTransportConnection.java:77)[activemq-broker-5.15.0.jar:5.15.0]
	at org.apache.activemq.command.ConnectionInfo.visit(ConnectionInfo.java:139)[activemq-client-5.15.0.jar:5.15.0]
	at org.apache.activemq.broker.TransportConnection.service(TransportConnection.java:330)[activemq-broker-5.15.0.jar:5.15.0]
	at org.apache.activemq.broker.TransportConnection$1.onCommand(TransportConnection.java:194)[activemq-broker-5.15.0.jar:5.15.0]
	at org.apache.activemq.transport.mqtt.MQTTInactivityMonitor.onCommand(MQTTInactivityMonitor.java:162)[activemq-mqtt-5.15.0.jar:5.15.0]
	at org.apache.activemq.transport.TransportSupport.doConsume(TransportSupport.java:83)[activemq-client-5.15.0.jar:5.15.0]
	at org.apache.activemq.transport.ws.AbstractMQTTSocket.sendToActiveMQ(AbstractMQTTSocket.java:72)[activemq-http-5.15.0.jar:5.15.0]
	at org.apache.activemq.transport.mqtt.MQTTProtocolConverter.sendToActiveMQ(MQTTProtocolConverter.java:181)[activemq-mqtt-5.15.0.jar:5.15.0]
	at org.apache.activemq.transport.mqtt.MQTTProtocolConverter.onMQTTConnect(MQTTProtocolConverter.java:310)[activemq-mqtt-5.15.0.jar:5.15.0]
	at org.apache.activemq.transport.mqtt.MQTTProtocolConverter.onMQTTCommand(MQTTProtocolConverter.java:205)[activemq-mqtt-5.15.0.jar:5.15.0]
	at org.apache.activemq.transport.ws.jetty9.MQTTSocket.onFrame(MQTTSocket.java:142)[activemq-http-5.15.0.jar:5.15.0]
	at org.apache.activemq.transport.mqtt.MQTTCodec.processCommand(MQTTCodec.java:90)[activemq-mqtt-5.15.0.jar:5.15.0]
	at org.apache.activemq.transport.mqtt.MQTTCodec.access$400(MQTTCodec.java:26)[activemq-mqtt-5.15.0.jar:5.15.0]
	at org.apache.activemq.transport.mqtt.MQTTCodec$4.parse(MQTTCodec.java:213)[activemq-mqtt-5.15.0.jar:5.15.0]
	at org.apache.activemq.transport.mqtt.MQTTCodec$3.parse(MQTTCodec.java:179)[activemq-mqtt-5.15.0.jar:5.15.0]
	at org.apache.activemq.transport.mqtt.MQTTCodec$2.parse(MQTTCodec.java:138)[activemq-mqtt-5.15.0.jar:5.15.0]
	at org.apache.activemq.transport.mqtt.MQTTCodec.parse(MQTTCodec.java:76)[activemq-mqtt-5.15.0.jar:5.15.0]
	at org.apache.activemq.transport.ws.jetty9.MQTTSocket.onWebSocketBinary(MQTTSocket.java:88)[activemq-http-5.15.0.jar:5.15.0]
	at org.eclipse.jetty.websocket.common.events.JettyListenerEventDriver.onBinaryMessage(JettyListenerEventDriver.java:64)[jetty-all-9.2.22.v20170606.jar:9.2.22.v20170606]
	at org.eclipse.jetty.websocket.common.message.SimpleBinaryMessage.messageComplete(SimpleBinaryMessage.java:68)[jetty-all-9.2.22.v20170606.jar:9.2.22.v20170606]
	at org.eclipse.jetty.websocket.common.events.AbstractEventDriver.appendMessage(AbstractEventDriver.java:65)[jetty-all-9.2.22.v20170606.jar:9.2.22.v20170606]
	at org.eclipse.jetty.websocket.common.events.JettyListenerEventDriver.onBinaryFrame(JettyListenerEventDriver.java:58)[jetty-all-9.2.22.v20170606.jar:9.2.22.v20170606]
	at org.eclipse.jetty.websocket.common.events.AbstractEventDriver.incomingFrame(AbstractEventDriver.java:156)[jetty-all-9.2.22.v20170606.jar:9.2.22.v20170606]
	at org.eclipse.jetty.websocket.common.WebSocketSession.incomingFrame(WebSocketSession.java:309)[jetty-all-9.2.22.v20170606.jar:9.2.22.v20170606]
	at org.eclipse.jetty.websocket.common.extensions.ExtensionStack.incomingFrame(ExtensionStack.java:214)[jetty-all-9.2.22.v20170606.jar:9.2.22.v20170606]
	at org.eclipse.jetty.websocket.common.Parser.notifyFrame(Parser.java:220)[jetty-all-9.2.22.v20170606.jar:9.2.22.v20170606]
	at org.eclipse.jetty.websocket.common.Parser.parse(Parser.java:258)[jetty-all-9.2.22.v20170606.jar:9.2.22.v20170606]
	at org.eclipse.jetty.websocket.common.io.AbstractWebSocketConnection.readParse(AbstractWebSocketConnection.java:632)[jetty-all-9.2.22.v20170606.jar:9.2.22.v20170606]
	at org.eclipse.jetty.websocket.common.io.AbstractWebSocketConnection.onFillable(AbstractWebSocketConnection.java:480)[jetty-all-9.2.22.v20170606.jar:9.2.22.v20170606]
	at org.eclipse.jetty.io.AbstractConnection$2.run(AbstractConnection.java:544)[jetty-all-9.2.22.v20170606.jar:9.2.22.v20170606]
	at org.eclipse.jetty.util.thread.QueuedThreadPool.runJob(QueuedThreadPool.java:635)[jetty-all-9.2.22.v20170606.jar:9.2.22.v20170606]
	at org.eclipse.jetty.util.thread.QueuedThreadPool$3.run(QueuedThreadPool.java:555)[jetty-all-9.2.22.v20170606.jar:9.2.22.v20170606]
	at java.lang.Thread.run(Thread.java:745)[:1.8.0_111]
2017-07-29 21:12:10,283 | INFO  | Stopping ws://192.168.0.101:55395 because Failed with SecurityException: Broker: localhost - Client: test2 already connected from ws://192.168.0.101:55375 | org.apache.activemq.broker.TransportConnection | ActiveMQ BrokerService[localhost] Task-132
2017-07-29 21:12:13,291 | WARN  | Failed to add Connection id=ID:huangchaobodeMacBook-Pro.local-51142-1501322915072-3:65, clientId=test2 due to {} | org.apache.activemq.broker.TransportConnection | qtp612626064-38
javax.jms.InvalidClientIDException: Broker: localhost - Client: test2 already connected from ws://192.168.0.101:55375
	at org.apache.activemq.broker.region.RegionBroker.addConnection(RegionBroker.java:247)[activemq-broker-5.15.0.jar:5.15.0]
	at org.apache.activemq.broker.jmx.ManagedRegionBroker.addConnection(ManagedRegionBroker.java:227)[activemq-broker-5.15.0.jar:5.15.0]
	at org.apache.activemq.broker.BrokerFilter.addConnection(BrokerFilter.java:99)[activemq-broker-5.15.0.jar:5.15.0]
	at org.apache.activemq.advisory.AdvisoryBroker.addConnection(AdvisoryBroker.java:116)[activemq-broker-5.15.0.jar:5.15.0]
	at org.apache.activemq.broker.BrokerFilter.addConnection(BrokerFilter.java:99)[activemq-broker-5.15.0.jar:5.15.0]
	at org.apache.activemq.broker.BrokerFilter.addConnection(BrokerFilter.java:99)[activemq-broker-5.15.0.jar:5.15.0]
	at org.apache.activemq.broker.BrokerFilter.addConnection(BrokerFilter.java:99)[activemq-broker-5.15.0.jar:5.15.0]
	at org.apache.activemq.broker.TransportConnection.processAddConnection(TransportConnection.java:843)[activemq-broker-5.15.0.jar:5.15.0]
	at org.apache.activemq.broker.jmx.ManagedTransportConnection.processAddConnection(ManagedTransportConnection.java:77)[activemq-broker-5.15.0.jar:5.15.0]
	at org.apache.activemq.command.ConnectionInfo.visit(ConnectionInfo.java:139)[activemq-client-5.15.0.jar:5.15.0]
	at org.apache.activemq.broker.TransportConnection.service(TransportConnection.java:330)[activemq-broker-5.15.0.jar:5.15.0]
	at org.apache.activemq.broker.TransportConnection$1.onCommand(TransportConnection.java:194)[activemq-broker-5.15.0.jar:5.15.0]
	at org.apache.activemq.transport.mqtt.MQTTInactivityMonitor.onCommand(MQTTInactivityMonitor.java:162)[activemq-mqtt-5.15.0.jar:5.15.0]
	at org.apache.activemq.transport.TransportSupport.doConsume(TransportSupport.java:83)[activemq-client-5.15.0.jar:5.15.0]
	at org.apache.activemq.transport.ws.AbstractMQTTSocket.sendToActiveMQ(AbstractMQTTSocket.java:72)[activemq-http-5.15.0.jar:5.15.0]
	at org.apache.activemq.transport.mqtt.MQTTProtocolConverter.sendToActiveMQ(MQTTProtocolConverter.java:181)[activemq-mqtt-5.15.0.jar:5.15.0]
	at org.apache.activemq.transport.mqtt.MQTTProtocolConverter.onMQTTConnect(MQTTProtocolConverter.java:310)[activemq-mqtt-5.15.0.jar:5.15.0]
	at org.apache.activemq.transport.mqtt.MQTTProtocolConverter.onMQTTCommand(MQTTProtocolConverter.java:205)[activemq-mqtt-5.15.0.jar:5.15.0]
	at org.apache.activemq.transport.ws.jetty9.MQTTSocket.onFrame(MQTTSocket.java:142)[activemq-http-5.15.0.jar:5.15.0]
	at org.apache.activemq.transport.mqtt.MQTTCodec.processCommand(MQTTCodec.java:90)[activemq-mqtt-5.15.0.jar:5.15.0]
	at org.apache.activemq.transport.mqtt.MQTTCodec.access$400(MQTTCodec.java:26)[activemq-mqtt-5.15.0.jar:5.15.0]
	at org.apache.activemq.transport.mqtt.MQTTCodec$4.parse(MQTTCodec.java:213)[activemq-mqtt-5.15.0.jar:5.15.0]
	at org.apache.activemq.transport.mqtt.MQTTCodec$3.parse(MQTTCodec.java:179)[activemq-mqtt-5.15.0.jar:5.15.0]
	at org.apache.activemq.transport.mqtt.MQTTCodec$2.parse(MQTTCodec.java:138)[activemq-mqtt-5.15.0.jar:5.15.0]
	at org.apache.activemq.transport.mqtt.MQTTCodec.parse(MQTTCodec.java:76)[activemq-mqtt-5.15.0.jar:5.15.0]
	at org.apache.activemq.transport.ws.jetty9.MQTTSocket.onWebSocketBinary(MQTTSocket.java:88)[activemq-http-5.15.0.jar:5.15.0]
	at org.eclipse.jetty.websocket.common.events.JettyListenerEventDriver.onBinaryMessage(JettyListenerEventDriver.java:64)[jetty-all-9.2.22.v20170606.jar:9.2.22.v20170606]
	at org.eclipse.jetty.websocket.common.message.SimpleBinaryMessage.messageComplete(SimpleBinaryMessage.java:68)[jetty-all-9.2.22.v20170606.jar:9.2.22.v20170606]
	at org.eclipse.jetty.websocket.common.events.AbstractEventDriver.appendMessage(AbstractEventDriver.java:65)[jetty-all-9.2.22.v20170606.jar:9.2.22.v20170606]
	at org.eclipse.jetty.websocket.common.events.JettyListenerEventDriver.onBinaryFrame(JettyListenerEventDriver.java:58)[jetty-all-9.2.22.v20170606.jar:9.2.22.v20170606]
	at org.eclipse.jetty.websocket.common.events.AbstractEventDriver.incomingFrame(AbstractEventDriver.java:156)[jetty-all-9.2.22.v20170606.jar:9.2.22.v20170606]
	at org.eclipse.jetty.websocket.common.WebSocketSession.incomingFrame(WebSocketSession.java:309)[jetty-all-9.2.22.v20170606.jar:9.2.22.v20170606]
	at org.eclipse.jetty.websocket.common.extensions.ExtensionStack.incomingFrame(ExtensionStack.java:214)[jetty-all-9.2.22.v20170606.jar:9.2.22.v20170606]
	at org.eclipse.jetty.websocket.common.Parser.notifyFrame(Parser.java:220)[jetty-all-9.2.22.v20170606.jar:9.2.22.v20170606]
	at org.eclipse.jetty.websocket.common.Parser.parse(Parser.java:258)[jetty-all-9.2.22.v20170606.jar:9.2.22.v20170606]
	at org.eclipse.jetty.websocket.common.io.AbstractWebSocketConnection.readParse(AbstractWebSocketConnection.java:632)[jetty-all-9.2.22.v20170606.jar:9.2.22.v20170606]
	at org.eclipse.jetty.websocket.common.io.AbstractWebSocketConnection.onFillable(AbstractWebSocketConnection.java:480)[jetty-all-9.2.22.v20170606.jar:9.2.22.v20170606]
	at org.eclipse.jetty.io.AbstractConnection$2.run(AbstractConnection.java:544)[jetty-all-9.2.22.v20170606.jar:9.2.22.v20170606]
	at org.eclipse.jetty.util.thread.QueuedThreadPool.runJob(QueuedThreadPool.java:635)[jetty-all-9.2.22.v20170606.jar:9.2.22.v20170606]
	at org.eclipse.jetty.util.thread.QueuedThreadPool$3.run(QueuedThreadPool.java:555)[jetty-all-9.2.22.v20170606.jar:9.2.22.v20170606]
	at java.lang.Thread.run(Thread.java:745)[:1.8.0_111]
2017-07-29 21:12:15,298 | INFO  | Stopping ws://192.168.0.101:55401 because Failed with SecurityException: Broker: localhost - Client: test2 already connected from ws://192.168.0.101:55375 | org.apache.activemq.broker.TransportConnection | ActiveMQ BrokerService[localhost] Task-135
2017-07-29 21:17:04,550 | WARN  | Failed to add Connection id=ID:huangchaobodeMacBook-Pro.local-51142-1501322915072-3:67, clientId=test2 due to {} | org.apache.activemq.broker.TransportConnection | qtp612626064-39
javax.jms.InvalidClientIDException: Broker: localhost - Client: test2 already connected from ws://192.168.0.101:55375
	at org.apache.activemq.broker.region.RegionBroker.addConnection(RegionBroker.java:247)[activemq-broker-5.15.0.jar:5.15.0]
	at org.apache.activemq.broker.jmx.ManagedRegionBroker.addConnection(ManagedRegionBroker.java:227)[activemq-broker-5.15.0.jar:5.15.0]
	at org.apache.activemq.broker.BrokerFilter.addConnection(BrokerFilter.java:99)[activemq-broker-5.15.0.jar:5.15.0]
	at org.apache.activemq.advisory.AdvisoryBroker.addConnection(AdvisoryBroker.java:116)[activemq-broker-5.15.0.jar:5.15.0]
	at org.apache.activemq.broker.BrokerFilter.addConnection(BrokerFilter.java:99)[activemq-broker-5.15.0.jar:5.15.0]
	at org.apache.activemq.broker.BrokerFilter.addConnection(BrokerFilter.java:99)[activemq-broker-5.15.0.jar:5.15.0]
	at org.apache.activemq.broker.BrokerFilter.addConnection(BrokerFilter.java:99)[activemq-broker-5.15.0.jar:5.15.0]
	at org.apache.activemq.broker.TransportConnection.processAddConnection(TransportConnection.java:843)[activemq-broker-5.15.0.jar:5.15.0]
	at org.apache.activemq.broker.jmx.ManagedTransportConnection.processAddConnection(ManagedTransportConnection.java:77)[activemq-broker-5.15.0.jar:5.15.0]
	at org.apache.activemq.command.ConnectionInfo.visit(ConnectionInfo.java:139)[activemq-client-5.15.0.jar:5.15.0]
	at org.apache.activemq.broker.TransportConnection.service(TransportConnection.java:330)[activemq-broker-5.15.0.jar:5.15.0]
	at org.apache.activemq.broker.TransportConnection$1.onCommand(TransportConnection.java:194)[activemq-broker-5.15.0.jar:5.15.0]
	at org.apache.activemq.transport.mqtt.MQTTInactivityMonitor.onCommand(MQTTInactivityMonitor.java:162)[activemq-mqtt-5.15.0.jar:5.15.0]
	at org.apache.activemq.transport.TransportSupport.doConsume(TransportSupport.java:83)[activemq-client-5.15.0.jar:5.15.0]
	at org.apache.activemq.transport.ws.AbstractMQTTSocket.sendToActiveMQ(AbstractMQTTSocket.java:72)[activemq-http-5.15.0.jar:5.15.0]
	at org.apache.activemq.transport.mqtt.MQTTProtocolConverter.sendToActiveMQ(MQTTProtocolConverter.java:181)[activemq-mqtt-5.15.0.jar:5.15.0]
	at org.apache.activemq.transport.mqtt.MQTTProtocolConverter.onMQTTConnect(MQTTProtocolConverter.java:310)[activemq-mqtt-5.15.0.jar:5.15.0]
	at org.apache.activemq.transport.mqtt.MQTTProtocolConverter.onMQTTCommand(MQTTProtocolConverter.java:205)[activemq-mqtt-5.15.0.jar:5.15.0]
	at org.apache.activemq.transport.ws.jetty9.MQTTSocket.onFrame(MQTTSocket.java:142)[activemq-http-5.15.0.jar:5.15.0]
	at org.apache.activemq.transport.mqtt.MQTTCodec.processCommand(MQTTCodec.java:90)[activemq-mqtt-5.15.0.jar:5.15.0]
	at org.apache.activemq.transport.mqtt.MQTTCodec.access$400(MQTTCodec.java:26)[activemq-mqtt-5.15.0.jar:5.15.0]
	at org.apache.activemq.transport.mqtt.MQTTCodec$4.parse(MQTTCodec.java:213)[activemq-mqtt-5.15.0.jar:5.15.0]
	at org.apache.activemq.transport.mqtt.MQTTCodec$3.parse(MQTTCodec.java:179)[activemq-mqtt-5.15.0.jar:5.15.0]
	at org.apache.activemq.transport.mqtt.MQTTCodec$2.parse(MQTTCodec.java:138)[activemq-mqtt-5.15.0.jar:5.15.0]
	at org.apache.activemq.transport.mqtt.MQTTCodec.parse(MQTTCodec.java:76)[activemq-mqtt-5.15.0.jar:5.15.0]
	at org.apache.activemq.transport.ws.jetty9.MQTTSocket.onWebSocketBinary(MQTTSocket.java:88)[activemq-http-5.15.0.jar:5.15.0]
	at org.eclipse.jetty.websocket.common.events.JettyListenerEventDriver.onBinaryMessage(JettyListenerEventDriver.java:64)[jetty-all-9.2.22.v20170606.jar:9.2.22.v20170606]
	at org.eclipse.jetty.websocket.common.message.SimpleBinaryMessage.messageComplete(SimpleBinaryMessage.java:68)[jetty-all-9.2.22.v20170606.jar:9.2.22.v20170606]
	at org.eclipse.jetty.websocket.common.events.AbstractEventDriver.appendMessage(AbstractEventDriver.java:65)[jetty-all-9.2.22.v20170606.jar:9.2.22.v20170606]
	at org.eclipse.jetty.websocket.common.events.JettyListenerEventDriver.onBinaryFrame(JettyListenerEventDriver.java:58)[jetty-all-9.2.22.v20170606.jar:9.2.22.v20170606]
	at org.eclipse.jetty.websocket.common.events.AbstractEventDriver.incomingFrame(AbstractEventDriver.java:156)[jetty-all-9.2.22.v20170606.jar:9.2.22.v20170606]
	at org.eclipse.jetty.websocket.common.WebSocketSession.incomingFrame(WebSocketSession.java:309)[jetty-all-9.2.22.v20170606.jar:9.2.22.v20170606]
	at org.eclipse.jetty.websocket.common.extensions.ExtensionStack.incomingFrame(ExtensionStack.java:214)[jetty-all-9.2.22.v20170606.jar:9.2.22.v20170606]
	at org.eclipse.jetty.websocket.common.Parser.notifyFrame(Parser.java:220)[jetty-all-9.2.22.v20170606.jar:9.2.22.v20170606]
	at org.eclipse.jetty.websocket.common.Parser.parse(Parser.java:258)[jetty-all-9.2.22.v20170606.jar:9.2.22.v20170606]
	at org.eclipse.jetty.websocket.common.io.AbstractWebSocketConnection.readParse(AbstractWebSocketConnection.java:632)[jetty-all-9.2.22.v20170606.jar:9.2.22.v20170606]
	at org.eclipse.jetty.websocket.common.io.AbstractWebSocketConnection.onFillable(AbstractWebSocketConnection.java:480)[jetty-all-9.2.22.v20170606.jar:9.2.22.v20170606]
	at org.eclipse.jetty.io.AbstractConnection$2.run(AbstractConnection.java:544)[jetty-all-9.2.22.v20170606.jar:9.2.22.v20170606]
	at org.eclipse.jetty.util.thread.QueuedThreadPool.runJob(QueuedThreadPool.java:635)[jetty-all-9.2.22.v20170606.jar:9.2.22.v20170606]
	at org.eclipse.jetty.util.thread.QueuedThreadPool$3.run(QueuedThreadPool.java:555)[jetty-all-9.2.22.v20170606.jar:9.2.22.v20170606]
	at java.lang.Thread.run(Thread.java:745)[:1.8.0_111]
2017-07-29 21:17:06,558 | INFO  | Stopping ws://192.168.0.101:55512 because Failed with SecurityException: Broker: localhost - Client: test2 already connected from ws://192.168.0.101:55375 | org.apache.activemq.broker.TransportConnection | ActiveMQ BrokerService[localhost] Task-140
2017-07-29 21:17:49,710 | WARN  | Failed to add Connection id=ID:huangchaobodeMacBook-Pro.local-51142-1501322915072-3:72, clientId=test due to {} | org.apache.activemq.broker.TransportConnection | qtp612626064-39
javax.jms.InvalidClientIDException: Broker: localhost - Client: test already connected from ws://192.168.0.101:55553
	at org.apache.activemq.broker.region.RegionBroker.addConnection(RegionBroker.java:247)[activemq-broker-5.15.0.jar:5.15.0]
	at org.apache.activemq.broker.jmx.ManagedRegionBroker.addConnection(ManagedRegionBroker.java:227)[activemq-broker-5.15.0.jar:5.15.0]
	at org.apache.activemq.broker.BrokerFilter.addConnection(BrokerFilter.java:99)[activemq-broker-5.15.0.jar:5.15.0]
	at org.apache.activemq.advisory.AdvisoryBroker.addConnection(AdvisoryBroker.java:116)[activemq-broker-5.15.0.jar:5.15.0]
	at org.apache.activemq.broker.BrokerFilter.addConnection(BrokerFilter.java:99)[activemq-broker-5.15.0.jar:5.15.0]
	at org.apache.activemq.broker.BrokerFilter.addConnection(BrokerFilter.java:99)[activemq-broker-5.15.0.jar:5.15.0]
	at org.apache.activemq.broker.BrokerFilter.addConnection(BrokerFilter.java:99)[activemq-broker-5.15.0.jar:5.15.0]
	at org.apache.activemq.broker.TransportConnection.processAddConnection(TransportConnection.java:843)[activemq-broker-5.15.0.jar:5.15.0]
	at org.apache.activemq.broker.jmx.ManagedTransportConnection.processAddConnection(ManagedTransportConnection.java:77)[activemq-broker-5.15.0.jar:5.15.0]
	at org.apache.activemq.command.ConnectionInfo.visit(ConnectionInfo.java:139)[activemq-client-5.15.0.jar:5.15.0]
	at org.apache.activemq.broker.TransportConnection.service(TransportConnection.java:330)[activemq-broker-5.15.0.jar:5.15.0]
	at org.apache.activemq.broker.TransportConnection$1.onCommand(TransportConnection.java:194)[activemq-broker-5.15.0.jar:5.15.0]
	at org.apache.activemq.transport.mqtt.MQTTInactivityMonitor.onCommand(MQTTInactivityMonitor.java:162)[activemq-mqtt-5.15.0.jar:5.15.0]
	at org.apache.activemq.transport.TransportSupport.doConsume(TransportSupport.java:83)[activemq-client-5.15.0.jar:5.15.0]
	at org.apache.activemq.transport.ws.AbstractMQTTSocket.sendToActiveMQ(AbstractMQTTSocket.java:72)[activemq-http-5.15.0.jar:5.15.0]
	at org.apache.activemq.transport.mqtt.MQTTProtocolConverter.sendToActiveMQ(MQTTProtocolConverter.java:181)[activemq-mqtt-5.15.0.jar:5.15.0]
	at org.apache.activemq.transport.mqtt.MQTTProtocolConverter.onMQTTConnect(MQTTProtocolConverter.java:310)[activemq-mqtt-5.15.0.jar:5.15.0]
	at org.apache.activemq.transport.mqtt.MQTTProtocolConverter.onMQTTCommand(MQTTProtocolConverter.java:205)[activemq-mqtt-5.15.0.jar:5.15.0]
	at org.apache.activemq.transport.ws.jetty9.MQTTSocket.onFrame(MQTTSocket.java:142)[activemq-http-5.15.0.jar:5.15.0]
	at org.apache.activemq.transport.mqtt.MQTTCodec.processCommand(MQTTCodec.java:90)[activemq-mqtt-5.15.0.jar:5.15.0]
	at org.apache.activemq.transport.mqtt.MQTTCodec.access$400(MQTTCodec.java:26)[activemq-mqtt-5.15.0.jar:5.15.0]
	at org.apache.activemq.transport.mqtt.MQTTCodec$4.parse(MQTTCodec.java:213)[activemq-mqtt-5.15.0.jar:5.15.0]
	at org.apache.activemq.transport.mqtt.MQTTCodec$3.parse(MQTTCodec.java:179)[activemq-mqtt-5.15.0.jar:5.15.0]
	at org.apache.activemq.transport.mqtt.MQTTCodec$2.parse(MQTTCodec.java:138)[activemq-mqtt-5.15.0.jar:5.15.0]
	at org.apache.activemq.transport.mqtt.MQTTCodec.parse(MQTTCodec.java:76)[activemq-mqtt-5.15.0.jar:5.15.0]
	at org.apache.activemq.transport.ws.jetty9.MQTTSocket.onWebSocketBinary(MQTTSocket.java:88)[activemq-http-5.15.0.jar:5.15.0]
	at org.eclipse.jetty.websocket.common.events.JettyListenerEventDriver.onBinaryMessage(JettyListenerEventDriver.java:64)[jetty-all-9.2.22.v20170606.jar:9.2.22.v20170606]
	at org.eclipse.jetty.websocket.common.message.SimpleBinaryMessage.messageComplete(SimpleBinaryMessage.java:68)[jetty-all-9.2.22.v20170606.jar:9.2.22.v20170606]
	at org.eclipse.jetty.websocket.common.events.AbstractEventDriver.appendMessage(AbstractEventDriver.java:65)[jetty-all-9.2.22.v20170606.jar:9.2.22.v20170606]
	at org.eclipse.jetty.websocket.common.events.JettyListenerEventDriver.onBinaryFrame(JettyListenerEventDriver.java:58)[jetty-all-9.2.22.v20170606.jar:9.2.22.v20170606]
	at org.eclipse.jetty.websocket.common.events.AbstractEventDriver.incomingFrame(AbstractEventDriver.java:156)[jetty-all-9.2.22.v20170606.jar:9.2.22.v20170606]
	at org.eclipse.jetty.websocket.common.WebSocketSession.incomingFrame(WebSocketSession.java:309)[jetty-all-9.2.22.v20170606.jar:9.2.22.v20170606]
	at org.eclipse.jetty.websocket.common.extensions.ExtensionStack.incomingFrame(ExtensionStack.java:214)[jetty-all-9.2.22.v20170606.jar:9.2.22.v20170606]
	at org.eclipse.jetty.websocket.common.Parser.notifyFrame(Parser.java:220)[jetty-all-9.2.22.v20170606.jar:9.2.22.v20170606]
	at org.eclipse.jetty.websocket.common.Parser.parse(Parser.java:258)[jetty-all-9.2.22.v20170606.jar:9.2.22.v20170606]
	at org.eclipse.jetty.websocket.common.io.AbstractWebSocketConnection.readParse(AbstractWebSocketConnection.java:632)[jetty-all-9.2.22.v20170606.jar:9.2.22.v20170606]
	at org.eclipse.jetty.websocket.common.io.AbstractWebSocketConnection.onFillable(AbstractWebSocketConnection.java:480)[jetty-all-9.2.22.v20170606.jar:9.2.22.v20170606]
	at org.eclipse.jetty.io.AbstractConnection$2.run(AbstractConnection.java:544)[jetty-all-9.2.22.v20170606.jar:9.2.22.v20170606]
	at org.eclipse.jetty.util.thread.QueuedThreadPool.runJob(QueuedThreadPool.java:635)[jetty-all-9.2.22.v20170606.jar:9.2.22.v20170606]
	at org.eclipse.jetty.util.thread.QueuedThreadPool$3.run(QueuedThreadPool.java:555)[jetty-all-9.2.22.v20170606.jar:9.2.22.v20170606]
	at java.lang.Thread.run(Thread.java:745)[:1.8.0_111]
2017-07-29 21:17:51,715 | INFO  | Stopping ws://192.168.0.105:61285 because Failed with SecurityException: Broker: localhost - Client: test already connected from ws://192.168.0.101:55553 | org.apache.activemq.broker.TransportConnection | ActiveMQ BrokerService[localhost] Task-150
2017-07-29 21:18:09,067 | WARN  | Failed to add Connection id=ID:huangchaobodeMacBook-Pro.local-51142-1501322915072-3:73, clientId=test due to {} | org.apache.activemq.broker.TransportConnection | qtp612626064-39
javax.jms.InvalidClientIDException: Broker: localhost - Client: test already connected from ws://192.168.0.101:55553
	at org.apache.activemq.broker.region.RegionBroker.addConnection(RegionBroker.java:247)[activemq-broker-5.15.0.jar:5.15.0]
	at org.apache.activemq.broker.jmx.ManagedRegionBroker.addConnection(ManagedRegionBroker.java:227)[activemq-broker-5.15.0.jar:5.15.0]
	at org.apache.activemq.broker.BrokerFilter.addConnection(BrokerFilter.java:99)[activemq-broker-5.15.0.jar:5.15.0]
	at org.apache.activemq.advisory.AdvisoryBroker.addConnection(AdvisoryBroker.java:116)[activemq-broker-5.15.0.jar:5.15.0]
	at org.apache.activemq.broker.BrokerFilter.addConnection(BrokerFilter.java:99)[activemq-broker-5.15.0.jar:5.15.0]
	at org.apache.activemq.broker.BrokerFilter.addConnection(BrokerFilter.java:99)[activemq-broker-5.15.0.jar:5.15.0]
	at org.apache.activemq.broker.BrokerFilter.addConnection(BrokerFilter.java:99)[activemq-broker-5.15.0.jar:5.15.0]
	at org.apache.activemq.broker.TransportConnection.processAddConnection(TransportConnection.java:843)[activemq-broker-5.15.0.jar:5.15.0]
	at org.apache.activemq.broker.jmx.ManagedTransportConnection.processAddConnection(ManagedTransportConnection.java:77)[activemq-broker-5.15.0.jar:5.15.0]
	at org.apache.activemq.command.ConnectionInfo.visit(ConnectionInfo.java:139)[activemq-client-5.15.0.jar:5.15.0]
	at org.apache.activemq.broker.TransportConnection.service(TransportConnection.java:330)[activemq-broker-5.15.0.jar:5.15.0]
	at org.apache.activemq.broker.TransportConnection$1.onCommand(TransportConnection.java:194)[activemq-broker-5.15.0.jar:5.15.0]
	at org.apache.activemq.transport.mqtt.MQTTInactivityMonitor.onCommand(MQTTInactivityMonitor.java:162)[activemq-mqtt-5.15.0.jar:5.15.0]
	at org.apache.activemq.transport.TransportSupport.doConsume(TransportSupport.java:83)[activemq-client-5.15.0.jar:5.15.0]
	at org.apache.activemq.transport.ws.AbstractMQTTSocket.sendToActiveMQ(AbstractMQTTSocket.java:72)[activemq-http-5.15.0.jar:5.15.0]
	at org.apache.activemq.transport.mqtt.MQTTProtocolConverter.sendToActiveMQ(MQTTProtocolConverter.java:181)[activemq-mqtt-5.15.0.jar:5.15.0]
	at org.apache.activemq.transport.mqtt.MQTTProtocolConverter.onMQTTConnect(MQTTProtocolConverter.java:310)[activemq-mqtt-5.15.0.jar:5.15.0]
	at org.apache.activemq.transport.mqtt.MQTTProtocolConverter.onMQTTCommand(MQTTProtocolConverter.java:205)[activemq-mqtt-5.15.0.jar:5.15.0]
	at org.apache.activemq.transport.ws.jetty9.MQTTSocket.onFrame(MQTTSocket.java:142)[activemq-http-5.15.0.jar:5.15.0]
	at org.apache.activemq.transport.mqtt.MQTTCodec.processCommand(MQTTCodec.java:90)[activemq-mqtt-5.15.0.jar:5.15.0]
	at org.apache.activemq.transport.mqtt.MQTTCodec.access$400(MQTTCodec.java:26)[activemq-mqtt-5.15.0.jar:5.15.0]
	at org.apache.activemq.transport.mqtt.MQTTCodec$4.parse(MQTTCodec.java:213)[activemq-mqtt-5.15.0.jar:5.15.0]
	at org.apache.activemq.transport.mqtt.MQTTCodec$3.parse(MQTTCodec.java:179)[activemq-mqtt-5.15.0.jar:5.15.0]
	at org.apache.activemq.transport.mqtt.MQTTCodec$2.parse(MQTTCodec.java:138)[activemq-mqtt-5.15.0.jar:5.15.0]
	at org.apache.activemq.transport.mqtt.MQTTCodec.parse(MQTTCodec.java:76)[activemq-mqtt-5.15.0.jar:5.15.0]
	at org.apache.activemq.transport.ws.jetty9.MQTTSocket.onWebSocketBinary(MQTTSocket.java:88)[activemq-http-5.15.0.jar:5.15.0]
	at org.eclipse.jetty.websocket.common.events.JettyListenerEventDriver.onBinaryMessage(JettyListenerEventDriver.java:64)[jetty-all-9.2.22.v20170606.jar:9.2.22.v20170606]
	at org.eclipse.jetty.websocket.common.message.SimpleBinaryMessage.messageComplete(SimpleBinaryMessage.java:68)[jetty-all-9.2.22.v20170606.jar:9.2.22.v20170606]
	at org.eclipse.jetty.websocket.common.events.AbstractEventDriver.appendMessage(AbstractEventDriver.java:65)[jetty-all-9.2.22.v20170606.jar:9.2.22.v20170606]
	at org.eclipse.jetty.websocket.common.events.JettyListenerEventDriver.onBinaryFrame(JettyListenerEventDriver.java:58)[jetty-all-9.2.22.v20170606.jar:9.2.22.v20170606]
	at org.eclipse.jetty.websocket.common.events.AbstractEventDriver.incomingFrame(AbstractEventDriver.java:156)[jetty-all-9.2.22.v20170606.jar:9.2.22.v20170606]
	at org.eclipse.jetty.websocket.common.WebSocketSession.incomingFrame(WebSocketSession.java:309)[jetty-all-9.2.22.v20170606.jar:9.2.22.v20170606]
	at org.eclipse.jetty.websocket.common.extensions.ExtensionStack.incomingFrame(ExtensionStack.java:214)[jetty-all-9.2.22.v20170606.jar:9.2.22.v20170606]
	at org.eclipse.jetty.websocket.common.Parser.notifyFrame(Parser.java:220)[jetty-all-9.2.22.v20170606.jar:9.2.22.v20170606]
	at org.eclipse.jetty.websocket.common.Parser.parse(Parser.java:258)[jetty-all-9.2.22.v20170606.jar:9.2.22.v20170606]
	at org.eclipse.jetty.websocket.common.io.AbstractWebSocketConnection.readParse(AbstractWebSocketConnection.java:632)[jetty-all-9.2.22.v20170606.jar:9.2.22.v20170606]
	at org.eclipse.jetty.websocket.common.io.AbstractWebSocketConnection.onFillable(AbstractWebSocketConnection.java:480)[jetty-all-9.2.22.v20170606.jar:9.2.22.v20170606]
	at org.eclipse.jetty.io.AbstractConnection$2.run(AbstractConnection.java:544)[jetty-all-9.2.22.v20170606.jar:9.2.22.v20170606]
	at org.eclipse.jetty.util.thread.QueuedThreadPool.runJob(QueuedThreadPool.java:635)[jetty-all-9.2.22.v20170606.jar:9.2.22.v20170606]
	at org.eclipse.jetty.util.thread.QueuedThreadPool$3.run(QueuedThreadPool.java:555)[jetty-all-9.2.22.v20170606.jar:9.2.22.v20170606]
	at java.lang.Thread.run(Thread.java:745)[:1.8.0_111]
2017-07-29 21:18:11,075 | INFO  | Stopping ws://192.168.0.105:61286 because Failed with SecurityException: Broker: localhost - Client: test already connected from ws://192.168.0.101:55553 | org.apache.activemq.broker.TransportConnection | ActiveMQ BrokerService[localhost] Task-153
2017-07-29 21:30:33,341 | WARN  | Failed to add Connection id=ID:huangchaobodeMacBook-Pro.local-51142-1501322915072-3:83, clientId=test2 due to {} | org.apache.activemq.broker.TransportConnection | qtp612626064-40
javax.jms.InvalidClientIDException: Broker: localhost - Client: test2 already connected from ws://192.168.0.101:56354
	at org.apache.activemq.broker.region.RegionBroker.addConnection(RegionBroker.java:247)[activemq-broker-5.15.0.jar:5.15.0]
	at org.apache.activemq.broker.jmx.ManagedRegionBroker.addConnection(ManagedRegionBroker.java:227)[activemq-broker-5.15.0.jar:5.15.0]
	at org.apache.activemq.broker.BrokerFilter.addConnection(BrokerFilter.java:99)[activemq-broker-5.15.0.jar:5.15.0]
	at org.apache.activemq.advisory.AdvisoryBroker.addConnection(AdvisoryBroker.java:116)[activemq-broker-5.15.0.jar:5.15.0]
	at org.apache.activemq.broker.BrokerFilter.addConnection(BrokerFilter.java:99)[activemq-broker-5.15.0.jar:5.15.0]
	at org.apache.activemq.broker.BrokerFilter.addConnection(BrokerFilter.java:99)[activemq-broker-5.15.0.jar:5.15.0]
	at org.apache.activemq.broker.BrokerFilter.addConnection(BrokerFilter.java:99)[activemq-broker-5.15.0.jar:5.15.0]
	at org.apache.activemq.broker.TransportConnection.processAddConnection(TransportConnection.java:843)[activemq-broker-5.15.0.jar:5.15.0]
	at org.apache.activemq.broker.jmx.ManagedTransportConnection.processAddConnection(ManagedTransportConnection.java:77)[activemq-broker-5.15.0.jar:5.15.0]
	at org.apache.activemq.command.ConnectionInfo.visit(ConnectionInfo.java:139)[activemq-client-5.15.0.jar:5.15.0]
	at org.apache.activemq.broker.TransportConnection.service(TransportConnection.java:330)[activemq-broker-5.15.0.jar:5.15.0]
	at org.apache.activemq.broker.TransportConnection$1.onCommand(TransportConnection.java:194)[activemq-broker-5.15.0.jar:5.15.0]
	at org.apache.activemq.transport.mqtt.MQTTInactivityMonitor.onCommand(MQTTInactivityMonitor.java:162)[activemq-mqtt-5.15.0.jar:5.15.0]
	at org.apache.activemq.transport.TransportSupport.doConsume(TransportSupport.java:83)[activemq-client-5.15.0.jar:5.15.0]
	at org.apache.activemq.transport.ws.AbstractMQTTSocket.sendToActiveMQ(AbstractMQTTSocket.java:72)[activemq-http-5.15.0.jar:5.15.0]
	at org.apache.activemq.transport.mqtt.MQTTProtocolConverter.sendToActiveMQ(MQTTProtocolConverter.java:181)[activemq-mqtt-5.15.0.jar:5.15.0]
	at org.apache.activemq.transport.mqtt.MQTTProtocolConverter.onMQTTConnect(MQTTProtocolConverter.java:310)[activemq-mqtt-5.15.0.jar:5.15.0]
	at org.apache.activemq.transport.mqtt.MQTTProtocolConverter.onMQTTCommand(MQTTProtocolConverter.java:205)[activemq-mqtt-5.15.0.jar:5.15.0]
	at org.apache.activemq.transport.ws.jetty9.MQTTSocket.onFrame(MQTTSocket.java:142)[activemq-http-5.15.0.jar:5.15.0]
	at org.apache.activemq.transport.mqtt.MQTTCodec.processCommand(MQTTCodec.java:90)[activemq-mqtt-5.15.0.jar:5.15.0]
	at org.apache.activemq.transport.mqtt.MQTTCodec.access$400(MQTTCodec.java:26)[activemq-mqtt-5.15.0.jar:5.15.0]
	at org.apache.activemq.transport.mqtt.MQTTCodec$4.parse(MQTTCodec.java:213)[activemq-mqtt-5.15.0.jar:5.15.0]
	at org.apache.activemq.transport.mqtt.MQTTCodec$3.parse(MQTTCodec.java:179)[activemq-mqtt-5.15.0.jar:5.15.0]
	at org.apache.activemq.transport.mqtt.MQTTCodec$2.parse(MQTTCodec.java:138)[activemq-mqtt-5.15.0.jar:5.15.0]
	at org.apache.activemq.transport.mqtt.MQTTCodec.parse(MQTTCodec.java:76)[activemq-mqtt-5.15.0.jar:5.15.0]
	at org.apache.activemq.transport.ws.jetty9.MQTTSocket.onWebSocketBinary(MQTTSocket.java:88)[activemq-http-5.15.0.jar:5.15.0]
	at org.eclipse.jetty.websocket.common.events.JettyListenerEventDriver.onBinaryMessage(JettyListenerEventDriver.java:64)[jetty-all-9.2.22.v20170606.jar:9.2.22.v20170606]
	at org.eclipse.jetty.websocket.common.message.SimpleBinaryMessage.messageComplete(SimpleBinaryMessage.java:68)[jetty-all-9.2.22.v20170606.jar:9.2.22.v20170606]
	at org.eclipse.jetty.websocket.common.events.AbstractEventDriver.appendMessage(AbstractEventDriver.java:65)[jetty-all-9.2.22.v20170606.jar:9.2.22.v20170606]
	at org.eclipse.jetty.websocket.common.events.JettyListenerEventDriver.onBinaryFrame(JettyListenerEventDriver.java:58)[jetty-all-9.2.22.v20170606.jar:9.2.22.v20170606]
	at org.eclipse.jetty.websocket.common.events.AbstractEventDriver.incomingFrame(AbstractEventDriver.java:156)[jetty-all-9.2.22.v20170606.jar:9.2.22.v20170606]
	at org.eclipse.jetty.websocket.common.WebSocketSession.incomingFrame(WebSocketSession.java:309)[jetty-all-9.2.22.v20170606.jar:9.2.22.v20170606]
	at org.eclipse.jetty.websocket.common.extensions.ExtensionStack.incomingFrame(ExtensionStack.java:214)[jetty-all-9.2.22.v20170606.jar:9.2.22.v20170606]
	at org.eclipse.jetty.websocket.common.Parser.notifyFrame(Parser.java:220)[jetty-all-9.2.22.v20170606.jar:9.2.22.v20170606]
	at org.eclipse.jetty.websocket.common.Parser.parse(Parser.java:258)[jetty-all-9.2.22.v20170606.jar:9.2.22.v20170606]
	at org.eclipse.jetty.websocket.common.io.AbstractWebSocketConnection.readParse(AbstractWebSocketConnection.java:632)[jetty-all-9.2.22.v20170606.jar:9.2.22.v20170606]
	at org.eclipse.jetty.websocket.common.io.AbstractWebSocketConnection.onFillable(AbstractWebSocketConnection.java:480)[jetty-all-9.2.22.v20170606.jar:9.2.22.v20170606]
	at org.eclipse.jetty.io.AbstractConnection$2.run(AbstractConnection.java:544)[jetty-all-9.2.22.v20170606.jar:9.2.22.v20170606]
	at org.eclipse.jetty.util.thread.QueuedThreadPool.runJob(QueuedThreadPool.java:635)[jetty-all-9.2.22.v20170606.jar:9.2.22.v20170606]
	at org.eclipse.jetty.util.thread.QueuedThreadPool$3.run(QueuedThreadPool.java:555)[jetty-all-9.2.22.v20170606.jar:9.2.22.v20170606]
	at java.lang.Thread.run(Thread.java:745)[:1.8.0_111]
2017-07-29 21:30:35,350 | INFO  | Stopping ws://192.168.0.105:61329 because Failed with SecurityException: Broker: localhost - Client: test2 already connected from ws://192.168.0.101:56354 | org.apache.activemq.broker.TransportConnection | ActiveMQ BrokerService[localhost] Task-174
2017-07-29 21:30:53,857 | WARN  | Failed to add Connection id=ID:huangchaobodeMacBook-Pro.local-51142-1501322915072-3:84, clientId=test due to {} | org.apache.activemq.broker.TransportConnection | qtp612626064-39
javax.jms.InvalidClientIDException: Broker: localhost - Client: test already connected from ws://192.168.0.101:56310
	at org.apache.activemq.broker.region.RegionBroker.addConnection(RegionBroker.java:247)[activemq-broker-5.15.0.jar:5.15.0]
	at org.apache.activemq.broker.jmx.ManagedRegionBroker.addConnection(ManagedRegionBroker.java:227)[activemq-broker-5.15.0.jar:5.15.0]
	at org.apache.activemq.broker.BrokerFilter.addConnection(BrokerFilter.java:99)[activemq-broker-5.15.0.jar:5.15.0]
	at org.apache.activemq.advisory.AdvisoryBroker.addConnection(AdvisoryBroker.java:116)[activemq-broker-5.15.0.jar:5.15.0]
	at org.apache.activemq.broker.BrokerFilter.addConnection(BrokerFilter.java:99)[activemq-broker-5.15.0.jar:5.15.0]
	at org.apache.activemq.broker.BrokerFilter.addConnection(BrokerFilter.java:99)[activemq-broker-5.15.0.jar:5.15.0]
	at org.apache.activemq.broker.BrokerFilter.addConnection(BrokerFilter.java:99)[activemq-broker-5.15.0.jar:5.15.0]
	at org.apache.activemq.broker.TransportConnection.processAddConnection(TransportConnection.java:843)[activemq-broker-5.15.0.jar:5.15.0]
	at org.apache.activemq.broker.jmx.ManagedTransportConnection.processAddConnection(ManagedTransportConnection.java:77)[activemq-broker-5.15.0.jar:5.15.0]
	at org.apache.activemq.command.ConnectionInfo.visit(ConnectionInfo.java:139)[activemq-client-5.15.0.jar:5.15.0]
	at org.apache.activemq.broker.TransportConnection.service(TransportConnection.java:330)[activemq-broker-5.15.0.jar:5.15.0]
	at org.apache.activemq.broker.TransportConnection$1.onCommand(TransportConnection.java:194)[activemq-broker-5.15.0.jar:5.15.0]
	at org.apache.activemq.transport.mqtt.MQTTInactivityMonitor.onCommand(MQTTInactivityMonitor.java:162)[activemq-mqtt-5.15.0.jar:5.15.0]
	at org.apache.activemq.transport.TransportSupport.doConsume(TransportSupport.java:83)[activemq-client-5.15.0.jar:5.15.0]
	at org.apache.activemq.transport.ws.AbstractMQTTSocket.sendToActiveMQ(AbstractMQTTSocket.java:72)[activemq-http-5.15.0.jar:5.15.0]
	at org.apache.activemq.transport.mqtt.MQTTProtocolConverter.sendToActiveMQ(MQTTProtocolConverter.java:181)[activemq-mqtt-5.15.0.jar:5.15.0]
	at org.apache.activemq.transport.mqtt.MQTTProtocolConverter.onMQTTConnect(MQTTProtocolConverter.java:310)[activemq-mqtt-5.15.0.jar:5.15.0]
	at org.apache.activemq.transport.mqtt.MQTTProtocolConverter.onMQTTCommand(MQTTProtocolConverter.java:205)[activemq-mqtt-5.15.0.jar:5.15.0]
	at org.apache.activemq.transport.ws.jetty9.MQTTSocket.onFrame(MQTTSocket.java:142)[activemq-http-5.15.0.jar:5.15.0]
	at org.apache.activemq.transport.mqtt.MQTTCodec.processCommand(MQTTCodec.java:90)[activemq-mqtt-5.15.0.jar:5.15.0]
	at org.apache.activemq.transport.mqtt.MQTTCodec.access$400(MQTTCodec.java:26)[activemq-mqtt-5.15.0.jar:5.15.0]
	at org.apache.activemq.transport.mqtt.MQTTCodec$4.parse(MQTTCodec.java:213)[activemq-mqtt-5.15.0.jar:5.15.0]
	at org.apache.activemq.transport.mqtt.MQTTCodec$3.parse(MQTTCodec.java:179)[activemq-mqtt-5.15.0.jar:5.15.0]
	at org.apache.activemq.transport.mqtt.MQTTCodec$2.parse(MQTTCodec.java:138)[activemq-mqtt-5.15.0.jar:5.15.0]
	at org.apache.activemq.transport.mqtt.MQTTCodec.parse(MQTTCodec.java:76)[activemq-mqtt-5.15.0.jar:5.15.0]
	at org.apache.activemq.transport.ws.jetty9.MQTTSocket.onWebSocketBinary(MQTTSocket.java:88)[activemq-http-5.15.0.jar:5.15.0]
	at org.eclipse.jetty.websocket.common.events.JettyListenerEventDriver.onBinaryMessage(JettyListenerEventDriver.java:64)[jetty-all-9.2.22.v20170606.jar:9.2.22.v20170606]
	at org.eclipse.jetty.websocket.common.message.SimpleBinaryMessage.messageComplete(SimpleBinaryMessage.java:68)[jetty-all-9.2.22.v20170606.jar:9.2.22.v20170606]
	at org.eclipse.jetty.websocket.common.events.AbstractEventDriver.appendMessage(AbstractEventDriver.java:65)[jetty-all-9.2.22.v20170606.jar:9.2.22.v20170606]
	at org.eclipse.jetty.websocket.common.events.JettyListenerEventDriver.onBinaryFrame(JettyListenerEventDriver.java:58)[jetty-all-9.2.22.v20170606.jar:9.2.22.v20170606]
	at org.eclipse.jetty.websocket.common.events.AbstractEventDriver.incomingFrame(AbstractEventDriver.java:156)[jetty-all-9.2.22.v20170606.jar:9.2.22.v20170606]
	at org.eclipse.jetty.websocket.common.WebSocketSession.incomingFrame(WebSocketSession.java:309)[jetty-all-9.2.22.v20170606.jar:9.2.22.v20170606]
	at org.eclipse.jetty.websocket.common.extensions.ExtensionStack.incomingFrame(ExtensionStack.java:214)[jetty-all-9.2.22.v20170606.jar:9.2.22.v20170606]
	at org.eclipse.jetty.websocket.common.Parser.notifyFrame(Parser.java:220)[jetty-all-9.2.22.v20170606.jar:9.2.22.v20170606]
	at org.eclipse.jetty.websocket.common.Parser.parse(Parser.java:258)[jetty-all-9.2.22.v20170606.jar:9.2.22.v20170606]
	at org.eclipse.jetty.websocket.common.io.AbstractWebSocketConnection.readParse(AbstractWebSocketConnection.java:632)[jetty-all-9.2.22.v20170606.jar:9.2.22.v20170606]
	at org.eclipse.jetty.websocket.common.io.AbstractWebSocketConnection.onFillable(AbstractWebSocketConnection.java:480)[jetty-all-9.2.22.v20170606.jar:9.2.22.v20170606]
	at org.eclipse.jetty.io.AbstractConnection$2.run(AbstractConnection.java:544)[jetty-all-9.2.22.v20170606.jar:9.2.22.v20170606]
	at org.eclipse.jetty.util.thread.QueuedThreadPool.runJob(QueuedThreadPool.java:635)[jetty-all-9.2.22.v20170606.jar:9.2.22.v20170606]
	at org.eclipse.jetty.util.thread.QueuedThreadPool$3.run(QueuedThreadPool.java:555)[jetty-all-9.2.22.v20170606.jar:9.2.22.v20170606]
	at java.lang.Thread.run(Thread.java:745)[:1.8.0_111]
2017-07-29 21:30:55,862 | INFO  | Stopping ws://192.168.0.105:61330 because Failed with SecurityException: Broker: localhost - Client: test already connected from ws://192.168.0.101:56310 | org.apache.activemq.broker.TransportConnection | ActiveMQ BrokerService[localhost] Task-177
2017-07-29 21:31:27,024 | WARN  | Failed to add Connection id=ID:huangchaobodeMacBook-Pro.local-51142-1501322915072-3:85, clientId=test due to {} | org.apache.activemq.broker.TransportConnection | qtp612626064-39
javax.jms.InvalidClientIDException: Broker: localhost - Client: test already connected from ws://192.168.0.101:56310
	at org.apache.activemq.broker.region.RegionBroker.addConnection(RegionBroker.java:247)[activemq-broker-5.15.0.jar:5.15.0]
	at org.apache.activemq.broker.jmx.ManagedRegionBroker.addConnection(ManagedRegionBroker.java:227)[activemq-broker-5.15.0.jar:5.15.0]
	at org.apache.activemq.broker.BrokerFilter.addConnection(BrokerFilter.java:99)[activemq-broker-5.15.0.jar:5.15.0]
	at org.apache.activemq.advisory.AdvisoryBroker.addConnection(AdvisoryBroker.java:116)[activemq-broker-5.15.0.jar:5.15.0]
	at org.apache.activemq.broker.BrokerFilter.addConnection(BrokerFilter.java:99)[activemq-broker-5.15.0.jar:5.15.0]
	at org.apache.activemq.broker.BrokerFilter.addConnection(BrokerFilter.java:99)[activemq-broker-5.15.0.jar:5.15.0]
	at org.apache.activemq.broker.BrokerFilter.addConnection(BrokerFilter.java:99)[activemq-broker-5.15.0.jar:5.15.0]
	at org.apache.activemq.broker.TransportConnection.processAddConnection(TransportConnection.java:843)[activemq-broker-5.15.0.jar:5.15.0]
	at org.apache.activemq.broker.jmx.ManagedTransportConnection.processAddConnection(ManagedTransportConnection.java:77)[activemq-broker-5.15.0.jar:5.15.0]
	at org.apache.activemq.command.ConnectionInfo.visit(ConnectionInfo.java:139)[activemq-client-5.15.0.jar:5.15.0]
	at org.apache.activemq.broker.TransportConnection.service(TransportConnection.java:330)[activemq-broker-5.15.0.jar:5.15.0]
	at org.apache.activemq.broker.TransportConnection$1.onCommand(TransportConnection.java:194)[activemq-broker-5.15.0.jar:5.15.0]
	at org.apache.activemq.transport.mqtt.MQTTInactivityMonitor.onCommand(MQTTInactivityMonitor.java:162)[activemq-mqtt-5.15.0.jar:5.15.0]
	at org.apache.activemq.transport.TransportSupport.doConsume(TransportSupport.java:83)[activemq-client-5.15.0.jar:5.15.0]
	at org.apache.activemq.transport.ws.AbstractMQTTSocket.sendToActiveMQ(AbstractMQTTSocket.java:72)[activemq-http-5.15.0.jar:5.15.0]
	at org.apache.activemq.transport.mqtt.MQTTProtocolConverter.sendToActiveMQ(MQTTProtocolConverter.java:181)[activemq-mqtt-5.15.0.jar:5.15.0]
	at org.apache.activemq.transport.mqtt.MQTTProtocolConverter.onMQTTConnect(MQTTProtocolConverter.java:310)[activemq-mqtt-5.15.0.jar:5.15.0]
	at org.apache.activemq.transport.mqtt.MQTTProtocolConverter.onMQTTCommand(MQTTProtocolConverter.java:205)[activemq-mqtt-5.15.0.jar:5.15.0]
	at org.apache.activemq.transport.ws.jetty9.MQTTSocket.onFrame(MQTTSocket.java:142)[activemq-http-5.15.0.jar:5.15.0]
	at org.apache.activemq.transport.mqtt.MQTTCodec.processCommand(MQTTCodec.java:90)[activemq-mqtt-5.15.0.jar:5.15.0]
	at org.apache.activemq.transport.mqtt.MQTTCodec.access$400(MQTTCodec.java:26)[activemq-mqtt-5.15.0.jar:5.15.0]
	at org.apache.activemq.transport.mqtt.MQTTCodec$4.parse(MQTTCodec.java:213)[activemq-mqtt-5.15.0.jar:5.15.0]
	at org.apache.activemq.transport.mqtt.MQTTCodec$3.parse(MQTTCodec.java:179)[activemq-mqtt-5.15.0.jar:5.15.0]
	at org.apache.activemq.transport.mqtt.MQTTCodec$2.parse(MQTTCodec.java:138)[activemq-mqtt-5.15.0.jar:5.15.0]
	at org.apache.activemq.transport.mqtt.MQTTCodec.parse(MQTTCodec.java:76)[activemq-mqtt-5.15.0.jar:5.15.0]
	at org.apache.activemq.transport.ws.jetty9.MQTTSocket.onWebSocketBinary(MQTTSocket.java:88)[activemq-http-5.15.0.jar:5.15.0]
	at org.eclipse.jetty.websocket.common.events.JettyListenerEventDriver.onBinaryMessage(JettyListenerEventDriver.java:64)[jetty-all-9.2.22.v20170606.jar:9.2.22.v20170606]
	at org.eclipse.jetty.websocket.common.message.SimpleBinaryMessage.messageComplete(SimpleBinaryMessage.java:68)[jetty-all-9.2.22.v20170606.jar:9.2.22.v20170606]
	at org.eclipse.jetty.websocket.common.events.AbstractEventDriver.appendMessage(AbstractEventDriver.java:65)[jetty-all-9.2.22.v20170606.jar:9.2.22.v20170606]
	at org.eclipse.jetty.websocket.common.events.JettyListenerEventDriver.onBinaryFrame(JettyListenerEventDriver.java:58)[jetty-all-9.2.22.v20170606.jar:9.2.22.v20170606]
	at org.eclipse.jetty.websocket.common.events.AbstractEventDriver.incomingFrame(AbstractEventDriver.java:156)[jetty-all-9.2.22.v20170606.jar:9.2.22.v20170606]
	at org.eclipse.jetty.websocket.common.WebSocketSession.incomingFrame(WebSocketSession.java:309)[jetty-all-9.2.22.v20170606.jar:9.2.22.v20170606]
	at org.eclipse.jetty.websocket.common.extensions.ExtensionStack.incomingFrame(ExtensionStack.java:214)[jetty-all-9.2.22.v20170606.jar:9.2.22.v20170606]
	at org.eclipse.jetty.websocket.common.Parser.notifyFrame(Parser.java:220)[jetty-all-9.2.22.v20170606.jar:9.2.22.v20170606]
	at org.eclipse.jetty.websocket.common.Parser.parse(Parser.java:258)[jetty-all-9.2.22.v20170606.jar:9.2.22.v20170606]
	at org.eclipse.jetty.websocket.common.io.AbstractWebSocketConnection.readParse(AbstractWebSocketConnection.java:632)[jetty-all-9.2.22.v20170606.jar:9.2.22.v20170606]
	at org.eclipse.jetty.websocket.common.io.AbstractWebSocketConnection.onFillable(AbstractWebSocketConnection.java:480)[jetty-all-9.2.22.v20170606.jar:9.2.22.v20170606]
	at org.eclipse.jetty.io.AbstractConnection$2.run(AbstractConnection.java:544)[jetty-all-9.2.22.v20170606.jar:9.2.22.v20170606]
	at org.eclipse.jetty.util.thread.QueuedThreadPool.runJob(QueuedThreadPool.java:635)[jetty-all-9.2.22.v20170606.jar:9.2.22.v20170606]
	at org.eclipse.jetty.util.thread.QueuedThreadPool$3.run(QueuedThreadPool.java:555)[jetty-all-9.2.22.v20170606.jar:9.2.22.v20170606]
	at java.lang.Thread.run(Thread.java:745)[:1.8.0_111]
2017-07-29 21:31:29,031 | INFO  | Stopping ws://192.168.0.105:61376 because Failed with SecurityException: Broker: localhost - Client: test already connected from ws://192.168.0.101:56310 | org.apache.activemq.broker.TransportConnection | ActiveMQ BrokerService[localhost] Task-180
2017-07-29 21:59:29,282 | INFO  | Connector vm://localhost stopped | org.apache.activemq.broker.TransportConnector | org.eclipse.jetty.server.session.HashSessionManager@2dcaa394Timer
2017-07-29 22:26:03,046 | WARN  | Transport Connection to: ws://192.168.0.101:57512 failed: org.apache.activemq.transport.InactivityIOException: Channel was inactive for too (>30000) long: ws://192.168.0.101:57512 | org.apache.activemq.broker.TransportConnection.Transport | MQTTInactivityMonitor Async Task: java.util.concurrent.ThreadPoolExecutor$Worker@61470c75[State = -1, empty queue]
2017-07-29 23:00:42,857 | WARN  | Failed to add Connection id=ID:huangchaobodeMacBook-Pro.local-51142-1501322915072-3:129, clientId=test due to {} | org.apache.activemq.broker.TransportConnection | qtp612626064-40
javax.jms.InvalidClientIDException: Broker: localhost - Client: test already connected from ws://192.168.0.105:61851
	at org.apache.activemq.broker.region.RegionBroker.addConnection(RegionBroker.java:247)[activemq-broker-5.15.0.jar:5.15.0]
	at org.apache.activemq.broker.jmx.ManagedRegionBroker.addConnection(ManagedRegionBroker.java:227)[activemq-broker-5.15.0.jar:5.15.0]
	at org.apache.activemq.broker.BrokerFilter.addConnection(BrokerFilter.java:99)[activemq-broker-5.15.0.jar:5.15.0]
	at org.apache.activemq.advisory.AdvisoryBroker.addConnection(AdvisoryBroker.java:116)[activemq-broker-5.15.0.jar:5.15.0]
	at org.apache.activemq.broker.BrokerFilter.addConnection(BrokerFilter.java:99)[activemq-broker-5.15.0.jar:5.15.0]
	at org.apache.activemq.broker.BrokerFilter.addConnection(BrokerFilter.java:99)[activemq-broker-5.15.0.jar:5.15.0]
	at org.apache.activemq.broker.BrokerFilter.addConnection(BrokerFilter.java:99)[activemq-broker-5.15.0.jar:5.15.0]
	at org.apache.activemq.broker.TransportConnection.processAddConnection(TransportConnection.java:843)[activemq-broker-5.15.0.jar:5.15.0]
	at org.apache.activemq.broker.jmx.ManagedTransportConnection.processAddConnection(ManagedTransportConnection.java:77)[activemq-broker-5.15.0.jar:5.15.0]
	at org.apache.activemq.command.ConnectionInfo.visit(ConnectionInfo.java:139)[activemq-client-5.15.0.jar:5.15.0]
	at org.apache.activemq.broker.TransportConnection.service(TransportConnection.java:330)[activemq-broker-5.15.0.jar:5.15.0]
	at org.apache.activemq.broker.TransportConnection$1.onCommand(TransportConnection.java:194)[activemq-broker-5.15.0.jar:5.15.0]
	at org.apache.activemq.transport.mqtt.MQTTInactivityMonitor.onCommand(MQTTInactivityMonitor.java:162)[activemq-mqtt-5.15.0.jar:5.15.0]
	at org.apache.activemq.transport.TransportSupport.doConsume(TransportSupport.java:83)[activemq-client-5.15.0.jar:5.15.0]
	at org.apache.activemq.transport.ws.AbstractMQTTSocket.sendToActiveMQ(AbstractMQTTSocket.java:72)[activemq-http-5.15.0.jar:5.15.0]
	at org.apache.activemq.transport.mqtt.MQTTProtocolConverter.sendToActiveMQ(MQTTProtocolConverter.java:181)[activemq-mqtt-5.15.0.jar:5.15.0]
	at org.apache.activemq.transport.mqtt.MQTTProtocolConverter.onMQTTConnect(MQTTProtocolConverter.java:310)[activemq-mqtt-5.15.0.jar:5.15.0]
	at org.apache.activemq.transport.mqtt.MQTTProtocolConverter.onMQTTCommand(MQTTProtocolConverter.java:205)[activemq-mqtt-5.15.0.jar:5.15.0]
	at org.apache.activemq.transport.ws.jetty9.MQTTSocket.onFrame(MQTTSocket.java:142)[activemq-http-5.15.0.jar:5.15.0]
	at org.apache.activemq.transport.mqtt.MQTTCodec.processCommand(MQTTCodec.java:90)[activemq-mqtt-5.15.0.jar:5.15.0]
	at org.apache.activemq.transport.mqtt.MQTTCodec.access$400(MQTTCodec.java:26)[activemq-mqtt-5.15.0.jar:5.15.0]
	at org.apache.activemq.transport.mqtt.MQTTCodec$4.parse(MQTTCodec.java:213)[activemq-mqtt-5.15.0.jar:5.15.0]
	at org.apache.activemq.transport.mqtt.MQTTCodec$3.parse(MQTTCodec.java:179)[activemq-mqtt-5.15.0.jar:5.15.0]
	at org.apache.activemq.transport.mqtt.MQTTCodec$2.parse(MQTTCodec.java:138)[activemq-mqtt-5.15.0.jar:5.15.0]
	at org.apache.activemq.transport.mqtt.MQTTCodec.parse(MQTTCodec.java:76)[activemq-mqtt-5.15.0.jar:5.15.0]
	at org.apache.activemq.transport.ws.jetty9.MQTTSocket.onWebSocketBinary(MQTTSocket.java:88)[activemq-http-5.15.0.jar:5.15.0]
	at org.eclipse.jetty.websocket.common.events.JettyListenerEventDriver.onBinaryMessage(JettyListenerEventDriver.java:64)[jetty-all-9.2.22.v20170606.jar:9.2.22.v20170606]
	at org.eclipse.jetty.websocket.common.message.SimpleBinaryMessage.messageComplete(SimpleBinaryMessage.java:68)[jetty-all-9.2.22.v20170606.jar:9.2.22.v20170606]
	at org.eclipse.jetty.websocket.common.events.AbstractEventDriver.appendMessage(AbstractEventDriver.java:65)[jetty-all-9.2.22.v20170606.jar:9.2.22.v20170606]
	at org.eclipse.jetty.websocket.common.events.JettyListenerEventDriver.onBinaryFrame(JettyListenerEventDriver.java:58)[jetty-all-9.2.22.v20170606.jar:9.2.22.v20170606]
	at org.eclipse.jetty.websocket.common.events.AbstractEventDriver.incomingFrame(AbstractEventDriver.java:156)[jetty-all-9.2.22.v20170606.jar:9.2.22.v20170606]
	at org.eclipse.jetty.websocket.common.WebSocketSession.incomingFrame(WebSocketSession.java:309)[jetty-all-9.2.22.v20170606.jar:9.2.22.v20170606]
	at org.eclipse.jetty.websocket.common.extensions.ExtensionStack.incomingFrame(ExtensionStack.java:214)[jetty-all-9.2.22.v20170606.jar:9.2.22.v20170606]
	at org.eclipse.jetty.websocket.common.Parser.notifyFrame(Parser.java:220)[jetty-all-9.2.22.v20170606.jar:9.2.22.v20170606]
	at org.eclipse.jetty.websocket.common.Parser.parse(Parser.java:258)[jetty-all-9.2.22.v20170606.jar:9.2.22.v20170606]
	at org.eclipse.jetty.websocket.common.io.AbstractWebSocketConnection.readParse(AbstractWebSocketConnection.java:632)[jetty-all-9.2.22.v20170606.jar:9.2.22.v20170606]
	at org.eclipse.jetty.websocket.common.io.AbstractWebSocketConnection.onFillable(AbstractWebSocketConnection.java:480)[jetty-all-9.2.22.v20170606.jar:9.2.22.v20170606]
	at org.eclipse.jetty.io.AbstractConnection$2.run(AbstractConnection.java:544)[jetty-all-9.2.22.v20170606.jar:9.2.22.v20170606]
	at org.eclipse.jetty.util.thread.QueuedThreadPool.runJob(QueuedThreadPool.java:635)[jetty-all-9.2.22.v20170606.jar:9.2.22.v20170606]
	at org.eclipse.jetty.util.thread.QueuedThreadPool$3.run(QueuedThreadPool.java:555)[jetty-all-9.2.22.v20170606.jar:9.2.22.v20170606]
	at java.lang.Thread.run(Thread.java:745)[:1.8.0_111]
2017-07-29 23:00:44,867 | INFO  | Stopping ws://192.168.0.105:61861 because Failed with SecurityException: Broker: localhost - Client: test already connected from ws://192.168.0.105:61851 | org.apache.activemq.broker.TransportConnection | ActiveMQ BrokerService[localhost] Task-269
2017-07-29 23:02:38,734 | WARN  | Transport Connection to: ws://192.168.0.105:61851 failed: org.apache.activemq.transport.InactivityIOException: Channel was inactive for too (>30000) long: ws://192.168.0.105:61851 | org.apache.activemq.broker.TransportConnection.Transport | MQTTInactivityMonitor Async Task: java.util.concurrent.ThreadPoolExecutor$Worker@3fc36bf1[State = -1, empty queue]
2017-07-29 23:03:41,393 | WARN  | Failed to send frame MQTTFrame { type: PINGRESP, qos: AT_MOST_ONCE, dup:false } | org.apache.activemq.transport.mqtt.MQTTProtocolConverter | qtp612626064-39
java.io.IOException: RemoteEndpoint unavailable, outgoing connection not open
	at org.apache.activemq.util.IOExceptionSupport.create(IOExceptionSupport.java:46)[activemq-client-5.15.0.jar:5.15.0]
	at org.apache.activemq.transport.ws.jetty9.MQTTSocket.sendToMQTT(MQTTSocket.java:61)[activemq-http-5.15.0.jar:5.15.0]
	at org.apache.activemq.transport.mqtt.MQTTProtocolConverter.sendToMQTT(MQTTProtocolConverter.java:186)[activemq-mqtt-5.15.0.jar:5.15.0]
	at org.apache.activemq.transport.mqtt.MQTTProtocolConverter.onMQTTCommand(MQTTProtocolConverter.java:200)[activemq-mqtt-5.15.0.jar:5.15.0]
	at org.apache.activemq.transport.ws.jetty9.MQTTSocket.onFrame(MQTTSocket.java:142)[activemq-http-5.15.0.jar:5.15.0]
	at org.apache.activemq.transport.mqtt.MQTTCodec.processCommand(MQTTCodec.java:90)[activemq-mqtt-5.15.0.jar:5.15.0]
	at org.apache.activemq.transport.mqtt.MQTTCodec.access$400(MQTTCodec.java:26)[activemq-mqtt-5.15.0.jar:5.15.0]
	at org.apache.activemq.transport.mqtt.MQTTCodec$3.parse(MQTTCodec.java:166)[activemq-mqtt-5.15.0.jar:5.15.0]
	at org.apache.activemq.transport.mqtt.MQTTCodec$2.parse(MQTTCodec.java:138)[activemq-mqtt-5.15.0.jar:5.15.0]
	at org.apache.activemq.transport.mqtt.MQTTCodec.parse(MQTTCodec.java:76)[activemq-mqtt-5.15.0.jar:5.15.0]
	at org.apache.activemq.transport.ws.jetty9.MQTTSocket.onWebSocketBinary(MQTTSocket.java:88)[activemq-http-5.15.0.jar:5.15.0]
	at org.eclipse.jetty.websocket.common.events.JettyListenerEventDriver.onBinaryMessage(JettyListenerEventDriver.java:64)[jetty-all-9.2.22.v20170606.jar:9.2.22.v20170606]
	at org.eclipse.jetty.websocket.common.message.SimpleBinaryMessage.messageComplete(SimpleBinaryMessage.java:68)[jetty-all-9.2.22.v20170606.jar:9.2.22.v20170606]
	at org.eclipse.jetty.websocket.common.events.AbstractEventDriver.appendMessage(AbstractEventDriver.java:65)[jetty-all-9.2.22.v20170606.jar:9.2.22.v20170606]
	at org.eclipse.jetty.websocket.common.events.JettyListenerEventDriver.onBinaryFrame(JettyListenerEventDriver.java:58)[jetty-all-9.2.22.v20170606.jar:9.2.22.v20170606]
	at org.eclipse.jetty.websocket.common.events.AbstractEventDriver.incomingFrame(AbstractEventDriver.java:156)[jetty-all-9.2.22.v20170606.jar:9.2.22.v20170606]
	at org.eclipse.jetty.websocket.common.WebSocketSession.incomingFrame(WebSocketSession.java:309)[jetty-all-9.2.22.v20170606.jar:9.2.22.v20170606]
	at org.eclipse.jetty.websocket.common.extensions.ExtensionStack.incomingFrame(ExtensionStack.java:214)[jetty-all-9.2.22.v20170606.jar:9.2.22.v20170606]
	at org.eclipse.jetty.websocket.common.Parser.notifyFrame(Parser.java:220)[jetty-all-9.2.22.v20170606.jar:9.2.22.v20170606]
	at org.eclipse.jetty.websocket.common.Parser.parse(Parser.java:258)[jetty-all-9.2.22.v20170606.jar:9.2.22.v20170606]
	at org.eclipse.jetty.websocket.common.io.AbstractWebSocketConnection.readParse(AbstractWebSocketConnection.java:632)[jetty-all-9.2.22.v20170606.jar:9.2.22.v20170606]
	at org.eclipse.jetty.websocket.common.io.AbstractWebSocketConnection.onFillable(AbstractWebSocketConnection.java:480)[jetty-all-9.2.22.v20170606.jar:9.2.22.v20170606]
	at org.eclipse.jetty.io.AbstractConnection$2.run(AbstractConnection.java:544)[jetty-all-9.2.22.v20170606.jar:9.2.22.v20170606]
	at org.eclipse.jetty.util.thread.QueuedThreadPool.runJob(QueuedThreadPool.java:635)[jetty-all-9.2.22.v20170606.jar:9.2.22.v20170606]
	at org.eclipse.jetty.util.thread.QueuedThreadPool$3.run(QueuedThreadPool.java:555)[jetty-all-9.2.22.v20170606.jar:9.2.22.v20170606]
	at java.lang.Thread.run(Thread.java:745)[:1.8.0_111]
2017-07-29 23:03:41,402 | WARN  | Failed to send frame MQTTFrame { type: PINGRESP, qos: AT_MOST_ONCE, dup:false } | org.apache.activemq.transport.mqtt.MQTTProtocolConverter | qtp612626064-40
java.io.IOException: RemoteEndpoint unavailable, outgoing connection not open
	at org.apache.activemq.util.IOExceptionSupport.create(IOExceptionSupport.java:46)[activemq-client-5.15.0.jar:5.15.0]
	at org.apache.activemq.transport.ws.jetty9.MQTTSocket.sendToMQTT(MQTTSocket.java:61)[activemq-http-5.15.0.jar:5.15.0]
	at org.apache.activemq.transport.mqtt.MQTTProtocolConverter.sendToMQTT(MQTTProtocolConverter.java:186)[activemq-mqtt-5.15.0.jar:5.15.0]
	at org.apache.activemq.transport.mqtt.MQTTProtocolConverter.onMQTTCommand(MQTTProtocolConverter.java:200)[activemq-mqtt-5.15.0.jar:5.15.0]
	at org.apache.activemq.transport.ws.jetty9.MQTTSocket.onFrame(MQTTSocket.java:142)[activemq-http-5.15.0.jar:5.15.0]
	at org.apache.activemq.transport.mqtt.MQTTCodec.processCommand(MQTTCodec.java:90)[activemq-mqtt-5.15.0.jar:5.15.0]
	at org.apache.activemq.transport.mqtt.MQTTCodec.access$400(MQTTCodec.java:26)[activemq-mqtt-5.15.0.jar:5.15.0]
	at org.apache.activemq.transport.mqtt.MQTTCodec$3.parse(MQTTCodec.java:166)[activemq-mqtt-5.15.0.jar:5.15.0]
	at org.apache.activemq.transport.mqtt.MQTTCodec$2.parse(MQTTCodec.java:138)[activemq-mqtt-5.15.0.jar:5.15.0]
	at org.apache.activemq.transport.mqtt.MQTTCodec.parse(MQTTCodec.java:76)[activemq-mqtt-5.15.0.jar:5.15.0]
	at org.apache.activemq.transport.ws.jetty9.MQTTSocket.onWebSocketBinary(MQTTSocket.java:88)[activemq-http-5.15.0.jar:5.15.0]
	at org.eclipse.jetty.websocket.common.events.JettyListenerEventDriver.onBinaryMessage(JettyListenerEventDriver.java:64)[jetty-all-9.2.22.v20170606.jar:9.2.22.v20170606]
	at org.eclipse.jetty.websocket.common.message.SimpleBinaryMessage.messageComplete(SimpleBinaryMessage.java:68)[jetty-all-9.2.22.v20170606.jar:9.2.22.v20170606]
	at org.eclipse.jetty.websocket.common.events.AbstractEventDriver.appendMessage(AbstractEventDriver.java:65)[jetty-all-9.2.22.v20170606.jar:9.2.22.v20170606]
	at org.eclipse.jetty.websocket.common.events.JettyListenerEventDriver.onBinaryFrame(JettyListenerEventDriver.java:58)[jetty-all-9.2.22.v20170606.jar:9.2.22.v20170606]
	at org.eclipse.jetty.websocket.common.events.AbstractEventDriver.incomingFrame(AbstractEventDriver.java:156)[jetty-all-9.2.22.v20170606.jar:9.2.22.v20170606]
	at org.eclipse.jetty.websocket.common.WebSocketSession.incomingFrame(WebSocketSession.java:309)[jetty-all-9.2.22.v20170606.jar:9.2.22.v20170606]
	at org.eclipse.jetty.websocket.common.extensions.ExtensionStack.incomingFrame(ExtensionStack.java:214)[jetty-all-9.2.22.v20170606.jar:9.2.22.v20170606]
	at org.eclipse.jetty.websocket.common.Parser.notifyFrame(Parser.java:220)[jetty-all-9.2.22.v20170606.jar:9.2.22.v20170606]
	at org.eclipse.jetty.websocket.common.Parser.parse(Parser.java:258)[jetty-all-9.2.22.v20170606.jar:9.2.22.v20170606]
	at org.eclipse.jetty.websocket.common.io.AbstractWebSocketConnection.readParse(AbstractWebSocketConnection.java:632)[jetty-all-9.2.22.v20170606.jar:9.2.22.v20170606]
	at org.eclipse.jetty.websocket.common.io.AbstractWebSocketConnection.onFillable(AbstractWebSocketConnection.java:480)[jetty-all-9.2.22.v20170606.jar:9.2.22.v20170606]
	at org.eclipse.jetty.io.AbstractConnection$2.run(AbstractConnection.java:544)[jetty-all-9.2.22.v20170606.jar:9.2.22.v20170606]
	at org.eclipse.jetty.util.thread.QueuedThreadPool.runJob(QueuedThreadPool.java:635)[jetty-all-9.2.22.v20170606.jar:9.2.22.v20170606]
	at org.eclipse.jetty.util.thread.QueuedThreadPool$3.run(QueuedThreadPool.java:555)[jetty-all-9.2.22.v20170606.jar:9.2.22.v20170606]
	at java.lang.Thread.run(Thread.java:745)[:1.8.0_111]
2017-07-29 23:06:48,192 | WARN  | Failed to add Connection id=ID:huangchaobodeMacBook-Pro.local-51142-1501322915072-3:134, clientId=test due to {} | org.apache.activemq.broker.TransportConnection | qtp612626064-39
javax.jms.InvalidClientIDException: Broker: localhost - Client: test already connected from ws://192.168.0.105:61973
	at org.apache.activemq.broker.region.RegionBroker.addConnection(RegionBroker.java:247)[activemq-broker-5.15.0.jar:5.15.0]
	at org.apache.activemq.broker.jmx.ManagedRegionBroker.addConnection(ManagedRegionBroker.java:227)[activemq-broker-5.15.0.jar:5.15.0]
	at org.apache.activemq.broker.BrokerFilter.addConnection(BrokerFilter.java:99)[activemq-broker-5.15.0.jar:5.15.0]
	at org.apache.activemq.advisory.AdvisoryBroker.addConnection(AdvisoryBroker.java:116)[activemq-broker-5.15.0.jar:5.15.0]
	at org.apache.activemq.broker.BrokerFilter.addConnection(BrokerFilter.java:99)[activemq-broker-5.15.0.jar:5.15.0]
	at org.apache.activemq.broker.BrokerFilter.addConnection(BrokerFilter.java:99)[activemq-broker-5.15.0.jar:5.15.0]
	at org.apache.activemq.broker.BrokerFilter.addConnection(BrokerFilter.java:99)[activemq-broker-5.15.0.jar:5.15.0]
	at org.apache.activemq.broker.TransportConnection.processAddConnection(TransportConnection.java:843)[activemq-broker-5.15.0.jar:5.15.0]
	at org.apache.activemq.broker.jmx.ManagedTransportConnection.processAddConnection(ManagedTransportConnection.java:77)[activemq-broker-5.15.0.jar:5.15.0]
	at org.apache.activemq.command.ConnectionInfo.visit(ConnectionInfo.java:139)[activemq-client-5.15.0.jar:5.15.0]
	at org.apache.activemq.broker.TransportConnection.service(TransportConnection.java:330)[activemq-broker-5.15.0.jar:5.15.0]
	at org.apache.activemq.broker.TransportConnection$1.onCommand(TransportConnection.java:194)[activemq-broker-5.15.0.jar:5.15.0]
	at org.apache.activemq.transport.mqtt.MQTTInactivityMonitor.onCommand(MQTTInactivityMonitor.java:162)[activemq-mqtt-5.15.0.jar:5.15.0]
	at org.apache.activemq.transport.TransportSupport.doConsume(TransportSupport.java:83)[activemq-client-5.15.0.jar:5.15.0]
	at org.apache.activemq.transport.ws.AbstractMQTTSocket.sendToActiveMQ(AbstractMQTTSocket.java:72)[activemq-http-5.15.0.jar:5.15.0]
	at org.apache.activemq.transport.mqtt.MQTTProtocolConverter.sendToActiveMQ(MQTTProtocolConverter.java:181)[activemq-mqtt-5.15.0.jar:5.15.0]
	at org.apache.activemq.transport.mqtt.MQTTProtocolConverter.onMQTTConnect(MQTTProtocolConverter.java:310)[activemq-mqtt-5.15.0.jar:5.15.0]
	at org.apache.activemq.transport.mqtt.MQTTProtocolConverter.onMQTTCommand(MQTTProtocolConverter.java:205)[activemq-mqtt-5.15.0.jar:5.15.0]
	at org.apache.activemq.transport.ws.jetty9.MQTTSocket.onFrame(MQTTSocket.java:142)[activemq-http-5.15.0.jar:5.15.0]
	at org.apache.activemq.transport.mqtt.MQTTCodec.processCommand(MQTTCodec.java:90)[activemq-mqtt-5.15.0.jar:5.15.0]
	at org.apache.activemq.transport.mqtt.MQTTCodec.access$400(MQTTCodec.java:26)[activemq-mqtt-5.15.0.jar:5.15.0]
	at org.apache.activemq.transport.mqtt.MQTTCodec$4.parse(MQTTCodec.java:213)[activemq-mqtt-5.15.0.jar:5.15.0]
	at org.apache.activemq.transport.mqtt.MQTTCodec$3.parse(MQTTCodec.java:179)[activemq-mqtt-5.15.0.jar:5.15.0]
	at org.apache.activemq.transport.mqtt.MQTTCodec$2.parse(MQTTCodec.java:138)[activemq-mqtt-5.15.0.jar:5.15.0]
	at org.apache.activemq.transport.mqtt.MQTTCodec.parse(MQTTCodec.java:76)[activemq-mqtt-5.15.0.jar:5.15.0]
	at org.apache.activemq.transport.ws.jetty9.MQTTSocket.onWebSocketBinary(MQTTSocket.java:88)[activemq-http-5.15.0.jar:5.15.0]
	at org.eclipse.jetty.websocket.common.events.JettyListenerEventDriver.onBinaryMessage(JettyListenerEventDriver.java:64)[jetty-all-9.2.22.v20170606.jar:9.2.22.v20170606]
	at org.eclipse.jetty.websocket.common.message.SimpleBinaryMessage.messageComplete(SimpleBinaryMessage.java:68)[jetty-all-9.2.22.v20170606.jar:9.2.22.v20170606]
	at org.eclipse.jetty.websocket.common.events.AbstractEventDriver.appendMessage(AbstractEventDriver.java:65)[jetty-all-9.2.22.v20170606.jar:9.2.22.v20170606]
	at org.eclipse.jetty.websocket.common.events.JettyListenerEventDriver.onBinaryFrame(JettyListenerEventDriver.java:58)[jetty-all-9.2.22.v20170606.jar:9.2.22.v20170606]
	at org.eclipse.jetty.websocket.common.events.AbstractEventDriver.incomingFrame(AbstractEventDriver.java:156)[jetty-all-9.2.22.v20170606.jar:9.2.22.v20170606]
	at org.eclipse.jetty.websocket.common.WebSocketSession.incomingFrame(WebSocketSession.java:309)[jetty-all-9.2.22.v20170606.jar:9.2.22.v20170606]
	at org.eclipse.jetty.websocket.common.extensions.ExtensionStack.incomingFrame(ExtensionStack.java:214)[jetty-all-9.2.22.v20170606.jar:9.2.22.v20170606]
	at org.eclipse.jetty.websocket.common.Parser.notifyFrame(Parser.java:220)[jetty-all-9.2.22.v20170606.jar:9.2.22.v20170606]
	at org.eclipse.jetty.websocket.common.Parser.parse(Parser.java:258)[jetty-all-9.2.22.v20170606.jar:9.2.22.v20170606]
	at org.eclipse.jetty.websocket.common.io.AbstractWebSocketConnection.readParse(AbstractWebSocketConnection.java:632)[jetty-all-9.2.22.v20170606.jar:9.2.22.v20170606]
	at org.eclipse.jetty.websocket.common.io.AbstractWebSocketConnection.onFillable(AbstractWebSocketConnection.java:480)[jetty-all-9.2.22.v20170606.jar:9.2.22.v20170606]
	at org.eclipse.jetty.io.AbstractConnection$2.run(AbstractConnection.java:544)[jetty-all-9.2.22.v20170606.jar:9.2.22.v20170606]
	at org.eclipse.jetty.util.thread.QueuedThreadPool.runJob(QueuedThreadPool.java:635)[jetty-all-9.2.22.v20170606.jar:9.2.22.v20170606]
	at org.eclipse.jetty.util.thread.QueuedThreadPool$3.run(QueuedThreadPool.java:555)[jetty-all-9.2.22.v20170606.jar:9.2.22.v20170606]
	at java.lang.Thread.run(Thread.java:745)[:1.8.0_111]
2017-07-29 23:06:50,199 | INFO  | Stopping ws://192.168.0.105:61972 because Failed with SecurityException: Broker: localhost - Client: test already connected from ws://192.168.0.105:61973 | org.apache.activemq.broker.TransportConnection | ActiveMQ BrokerService[localhost] Task-280
